2025/09/11 09:35:04 [notice] 1#1: using the "epoll" event method
2025/09/11 09:35:04 [notice] 1#1: nginx/1.29.1
2025/09/11 09:35:04 [notice] 1#1: built by gcc 14.2.0 (Alpine 14.2.0) 
2025/09/11 09:35:04 [notice] 1#1: OS: Linux 6.10.14-linuxkit
2025/09/11 09:35:04 [notice] 1#1: getrlimit(RLIMIT_NOFILE): 1048576:1048576
2025/09/11 09:35:04 [notice] 1#1: start worker processes
2025/09/11 09:35:04 [notice] 1#1: start worker process 29
2025/09/11 09:35:04 [notice] 1#1: start worker process 30
2025/09/11 09:35:04 [notice] 1#1: start worker process 31
2025/09/11 09:35:04 [notice] 1#1: start worker process 32
2025/09/11 09:35:04 [notice] 1#1: start worker process 33
2025/09/11 09:35:04 [notice] 1#1: start worker process 34
2025/09/11 09:35:04 [notice] 1#1: start worker process 35
2025/09/11 09:35:04 [notice] 1#1: start worker process 36
2025/09/11 09:35:04 [notice] 1#1: start worker process 37
2025/09/11 09:35:04 [notice] 1#1: start worker process 38
2025/09/11 09:35:04 [notice] 1#1: start worker process 39
2025/09/11 09:35:04 [notice] 1#1: start worker process 40
2025/09/11 09:36:17 [notice] 1#1: signal 3 (SIGQUIT) received, shutting down
2025/09/11 09:36:17 [notice] 29#29: gracefully shutting down
2025/09/11 09:36:17 [notice] 32#32: gracefully shutting down
2025/09/11 09:36:17 [notice] 31#31: gracefully shutting down
2025/09/11 09:36:17 [notice] 31#31: exiting
2025/09/11 09:36:17 [notice] 30#30: gracefully shutting down
2025/09/11 09:36:17 [notice] 30#30: exiting
2025/09/11 09:36:17 [notice] 34#34: gracefully shutting down
2025/09/11 09:36:17 [notice] 30#30: exit
2025/09/11 09:36:17 [notice] 33#33: gracefully shutting down
2025/09/11 09:36:17 [notice] 35#35: gracefully shutting down
2025/09/11 09:36:17 [notice] 36#36: gracefully shutting down
2025/09/11 09:36:17 [notice] 37#37: gracefully shutting down
2025/09/11 09:36:17 [notice] 38#38: gracefully shutting down
2025/09/11 09:36:17 [notice] 39#39: gracefully shutting down
2025/09/11 09:36:17 [notice] 40#40: gracefully shutting down
2025/09/11 09:36:17 [notice] 29#29: exiting
2025/09/11 09:36:17 [notice] 32#32: exiting
2025/09/11 09:36:17 [notice] 31#31: exit
2025/09/11 09:36:17 [notice] 34#34: exiting
2025/09/11 09:36:17 [notice] 33#33: exiting
2025/09/11 09:36:17 [notice] 35#35: exiting
2025/09/11 09:36:17 [notice] 33#33: exit
2025/09/11 09:36:17 [notice] 36#36: exiting
2025/09/11 09:36:17 [notice] 37#37: exiting
2025/09/11 09:36:17 [notice] 38#38: exiting
2025/09/11 09:36:17 [notice] 39#39: exiting
2025/09/11 09:36:17 [notice] 40#40: exiting
2025/09/11 09:36:17 [notice] 39#39: exit
2025/09/11 09:36:17 [notice] 29#29: exit
2025/09/11 09:36:17 [notice] 32#32: exit
2025/09/11 09:36:17 [notice] 34#34: exit
2025/09/11 09:36:17 [notice] 35#35: exit
2025/09/11 09:36:17 [notice] 36#36: exit
2025/09/11 09:36:17 [notice] 37#37: exit
2025/09/11 09:36:17 [notice] 38#38: exit
2025/09/11 09:36:17 [notice] 40#40: exit
2025/09/11 09:36:18 [notice] 1#1: signal 17 (SIGCHLD) received from 33
2025/09/11 09:36:18 [notice] 1#1: worker process 30 exited with code 0
2025/09/11 09:36:18 [notice] 1#1: worker process 29 exited with code 0
2025/09/11 09:36:18 [notice] 1#1: worker process 32 exited with code 0
2025/09/11 09:36:18 [notice] 1#1: worker process 33 exited with code 0
2025/09/11 09:36:18 [notice] 1#1: worker process 34 exited with code 0
2025/09/11 09:36:18 [notice] 1#1: worker process 35 exited with code 0
2025/09/11 09:36:18 [notice] 1#1: worker process 36 exited with code 0
2025/09/11 09:36:18 [notice] 1#1: worker process 37 exited with code 0
2025/09/11 09:36:18 [notice] 1#1: worker process 38 exited with code 0
2025/09/11 09:36:18 [notice] 1#1: worker process 39 exited with code 0
2025/09/11 09:36:18 [notice] 1#1: worker process 40 exited with code 0
2025/09/11 09:36:18 [notice] 1#1: signal 29 (SIGIO) received
2025/09/11 09:36:18 [notice] 1#1: signal 17 (SIGCHLD) received from 36
2025/09/11 09:36:18 [notice] 1#1: signal 17 (SIGCHLD) received from 31
2025/09/11 09:36:18 [notice] 1#1: worker process 31 exited with code 0
2025/09/11 09:36:18 [notice] 1#1: exit
2025/09/13 03:01:07 [notice] 1#1: using the "epoll" event method
2025/09/13 03:01:07 [notice] 1#1: nginx/1.29.1
2025/09/13 03:01:07 [notice] 1#1: built by gcc 14.2.0 (Alpine 14.2.0) 
2025/09/13 03:01:07 [notice] 1#1: OS: Linux 6.10.14-linuxkit
2025/09/13 03:01:07 [notice] 1#1: getrlimit(RLIMIT_NOFILE): 1048576:1048576
2025/09/13 03:01:07 [notice] 1#1: start worker processes
2025/09/13 03:01:07 [notice] 1#1: start worker process 29
2025/09/13 03:01:07 [notice] 1#1: start worker process 30
2025/09/13 03:01:07 [notice] 1#1: start worker process 31
2025/09/13 03:01:07 [notice] 1#1: start worker process 32
2025/09/13 03:01:07 [notice] 1#1: start worker process 33
2025/09/13 03:01:07 [notice] 1#1: start worker process 34
2025/09/13 03:01:07 [notice] 1#1: start worker process 35
2025/09/13 03:01:07 [notice] 1#1: start worker process 36
2025/09/13 03:01:07 [notice] 1#1: start worker process 37
2025/09/13 03:01:07 [notice] 1#1: start worker process 38
2025/09/13 03:01:07 [notice] 1#1: start worker process 39
2025/09/13 03:01:07 [notice] 1#1: start worker process 40
2025/09/13 03:05:02 [notice] 1#1: signal 3 (SIGQUIT) received, shutting down
2025/09/13 03:05:02 [notice] 30#30: gracefully shutting down
2025/09/13 03:05:02 [notice] 29#29: gracefully shutting down
2025/09/13 03:05:02 [notice] 37#37: gracefully shutting down
2025/09/13 03:05:02 [notice] 31#31: gracefully shutting down
2025/09/13 03:05:02 [notice] 33#33: gracefully shutting down
2025/09/13 03:05:02 [notice] 32#32: gracefully shutting down
2025/09/13 03:05:02 [notice] 34#34: gracefully shutting down
2025/09/13 03:05:02 [notice] 35#35: gracefully shutting down
2025/09/13 03:05:02 [notice] 36#36: gracefully shutting down
2025/09/13 03:05:02 [notice] 38#38: gracefully shutting down
2025/09/13 03:05:02 [notice] 39#39: gracefully shutting down
2025/09/13 03:05:02 [notice] 38#38: exiting
2025/09/13 03:05:02 [notice] 40#40: gracefully shutting down
2025/09/13 03:05:02 [notice] 39#39: exiting
2025/09/13 03:05:02 [notice] 30#30: exiting
2025/09/13 03:05:02 [notice] 38#38: exit
2025/09/13 03:05:02 [notice] 29#29: exiting
2025/09/13 03:05:02 [notice] 37#37: exiting
2025/09/13 03:05:02 [notice] 31#31: exiting
2025/09/13 03:05:02 [notice] 33#33: exiting
2025/09/13 03:05:02 [notice] 32#32: exiting
2025/09/13 03:05:02 [notice] 34#34: exiting
2025/09/13 03:05:02 [notice] 32#32: exit
2025/09/13 03:05:02 [notice] 35#35: exiting
2025/09/13 03:05:02 [notice] 36#36: exiting
2025/09/13 03:05:02 [notice] 40#40: exiting
2025/09/13 03:05:02 [notice] 39#39: exit
2025/09/13 03:05:02 [notice] 40#40: exit
2025/09/13 03:05:02 [notice] 30#30: exit
2025/09/13 03:05:02 [notice] 29#29: exit
2025/09/13 03:05:02 [notice] 37#37: exit
2025/09/13 03:05:02 [notice] 31#31: exit
2025/09/13 03:05:02 [notice] 33#33: exit
2025/09/13 03:05:02 [notice] 34#34: exit
2025/09/13 03:05:02 [notice] 35#35: exit
2025/09/13 03:05:02 [notice] 36#36: exit
2025/09/13 03:05:02 [notice] 1#1: signal 17 (SIGCHLD) received from 35
2025/09/13 03:05:02 [notice] 1#1: worker process 29 exited with code 0
2025/09/13 03:05:02 [notice] 1#1: worker process 30 exited with code 0
2025/09/13 03:05:02 [notice] 1#1: worker process 31 exited with code 0
2025/09/13 03:05:02 [notice] 1#1: worker process 32 exited with code 0
2025/09/13 03:05:02 [notice] 1#1: worker process 33 exited with code 0
2025/09/13 03:05:02 [notice] 1#1: worker process 34 exited with code 0
2025/09/13 03:05:02 [notice] 1#1: worker process 35 exited with code 0
2025/09/13 03:05:02 [notice] 1#1: worker process 36 exited with code 0
2025/09/13 03:05:02 [notice] 1#1: worker process 37 exited with code 0
2025/09/13 03:05:02 [notice] 1#1: worker process 38 exited with code 0
2025/09/13 03:05:02 [notice] 1#1: worker process 39 exited with code 0
2025/09/13 03:05:02 [notice] 1#1: worker process 40 exited with code 0
2025/09/13 03:05:02 [notice] 1#1: exit
2025/09/14 23:51:13 [emerg] 1#1: host not found in upstream "auth-server-1:8080" in /etc/nginx/conf.d/default.conf:5
2025/09/15 13:21:10 [notice] 1#1: using the "epoll" event method
2025/09/15 13:21:10 [notice] 1#1: nginx/1.29.1
2025/09/15 13:21:10 [notice] 1#1: built by gcc 14.2.0 (Alpine 14.2.0) 
2025/09/15 13:21:10 [notice] 1#1: OS: Linux 6.10.14-linuxkit
2025/09/15 13:21:10 [notice] 1#1: getrlimit(RLIMIT_NOFILE): 1048576:1048576
2025/09/15 13:21:10 [notice] 1#1: start worker processes
2025/09/15 13:21:10 [notice] 1#1: start worker process 28
2025/09/15 13:21:10 [notice] 1#1: start worker process 29
2025/09/15 13:21:10 [notice] 1#1: start worker process 30
2025/09/15 13:21:10 [notice] 1#1: start worker process 31
2025/09/15 13:21:10 [notice] 1#1: start worker process 32
2025/09/15 13:21:10 [notice] 1#1: start worker process 33
2025/09/15 13:21:10 [notice] 1#1: start worker process 34
2025/09/15 13:21:10 [notice] 1#1: start worker process 35
2025/09/15 13:21:10 [notice] 1#1: start worker process 36
2025/09/15 13:21:10 [notice] 1#1: start worker process 37
2025/09/15 13:21:10 [notice] 1#1: start worker process 38
2025/09/15 13:21:10 [notice] 1#1: start worker process 39
2025/09/15 15:49:56 [notice] 1#1: signal 3 (SIGQUIT) received, shutting down
2025/09/15 15:49:56 [notice] 30#30: gracefully shutting down
2025/09/15 15:49:56 [notice] 29#29: gracefully shutting down
2025/09/15 15:49:56 [notice] 34#34: gracefully shutting down
2025/09/15 15:49:56 [notice] 35#35: gracefully shutting down
2025/09/15 15:49:56 [notice] 35#35: exiting
2025/09/15 15:49:56 [notice] 33#33: gracefully shutting down
2025/09/15 15:49:56 [notice] 36#36: gracefully shutting down
2025/09/15 15:49:56 [notice] 37#37: gracefully shutting down
2025/09/15 15:49:56 [notice] 31#31: gracefully shutting down
2025/09/15 15:49:56 [notice] 37#37: exiting
2025/09/15 15:49:56 [notice] 32#32: gracefully shutting down
2025/09/15 15:49:56 [notice] 39#39: gracefully shutting down
2025/09/15 15:49:56 [notice] 30#30: exiting
2025/09/15 15:49:56 [notice] 38#38: gracefully shutting down
2025/09/15 15:49:56 [notice] 38#38: exiting
2025/09/15 15:49:56 [notice] 28#28: gracefully shutting down
2025/09/15 15:49:56 [notice] 29#29: exiting
2025/09/15 15:49:56 [notice] 34#34: exiting
2025/09/15 15:49:56 [notice] 35#35: exit
2025/09/15 15:49:56 [notice] 36#36: exiting
2025/09/15 15:49:56 [notice] 36#36: exit
2025/09/15 15:49:56 [notice] 31#31: exiting
2025/09/15 15:49:56 [notice] 33#33: exiting
2025/09/15 15:49:56 [notice] 37#37: exit
2025/09/15 15:49:56 [notice] 32#32: exiting
2025/09/15 15:49:56 [notice] 39#39: exiting
2025/09/15 15:49:56 [notice] 30#30: exit
2025/09/15 15:49:56 [notice] 39#39: exit
2025/09/15 15:49:56 [notice] 38#38: exit
2025/09/15 15:49:56 [notice] 28#28: exiting
2025/09/15 15:49:56 [notice] 29#29: exit
2025/09/15 15:49:56 [notice] 34#34: exit
2025/09/15 15:49:56 [notice] 31#31: exit
2025/09/15 15:49:56 [notice] 33#33: exit
2025/09/15 15:49:56 [notice] 32#32: exit
2025/09/15 15:49:56 [notice] 28#28: exit
2025/09/15 15:49:56 [notice] 1#1: signal 17 (SIGCHLD) received from 35
2025/09/15 15:49:56 [notice] 1#1: worker process 35 exited with code 0
2025/09/15 15:49:56 [notice] 1#1: signal 29 (SIGIO) received
2025/09/15 15:49:56 [notice] 1#1: signal 17 (SIGCHLD) received from 36
2025/09/15 15:49:56 [notice] 1#1: worker process 30 exited with code 0
2025/09/15 15:49:56 [notice] 1#1: worker process 32 exited with code 0
2025/09/15 15:49:56 [notice] 1#1: worker process 29 exited with code 0
2025/09/15 15:49:56 [notice] 1#1: worker process 34 exited with code 0
2025/09/15 15:49:56 [notice] 1#1: worker process 36 exited with code 0
2025/09/15 15:49:56 [notice] 1#1: worker process 37 exited with code 0
2025/09/15 15:49:56 [notice] 1#1: worker process 38 exited with code 0
2025/09/15 15:49:56 [notice] 1#1: worker process 39 exited with code 0
2025/09/15 15:49:56 [notice] 1#1: signal 29 (SIGIO) received
2025/09/15 15:49:56 [notice] 1#1: signal 17 (SIGCHLD) received from 38
2025/09/15 15:49:56 [notice] 1#1: signal 17 (SIGCHLD) received from 28
2025/09/15 15:49:56 [notice] 1#1: worker process 28 exited with code 0
2025/09/15 15:49:56 [notice] 1#1: worker process 33 exited with code 0
2025/09/15 15:49:56 [notice] 1#1: signal 29 (SIGIO) received
2025/09/15 15:49:56 [notice] 1#1: signal 17 (SIGCHLD) received from 33
2025/09/15 15:49:56 [notice] 1#1: signal 17 (SIGCHLD) received from 31
2025/09/15 15:49:56 [notice] 1#1: worker process 31 exited with code 0
2025/09/15 15:49:56 [notice] 1#1: exit
2025/09/24 08:17:26 [notice] 1#1: using the "epoll" event method
2025/09/24 08:17:26 [notice] 1#1: nginx/1.29.1
2025/09/24 08:17:26 [notice] 1#1: built by gcc 14.2.0 (Alpine 14.2.0) 
2025/09/24 08:17:26 [notice] 1#1: OS: Linux 6.10.14-linuxkit
2025/09/24 08:17:26 [notice] 1#1: getrlimit(RLIMIT_NOFILE): 1048576:1048576
2025/09/24 08:17:26 [notice] 1#1: start worker processes
2025/09/24 08:17:26 [notice] 1#1: start worker process 29
2025/09/24 08:17:26 [notice] 1#1: start worker process 30
2025/09/24 08:17:26 [notice] 1#1: start worker process 31
2025/09/24 08:17:26 [notice] 1#1: start worker process 32
2025/09/24 08:17:26 [notice] 1#1: start worker process 33
2025/09/24 08:17:26 [notice] 1#1: start worker process 34
2025/09/24 08:17:26 [notice] 1#1: start worker process 35
2025/09/24 08:17:26 [notice] 1#1: start worker process 36
2025/09/24 08:17:26 [notice] 1#1: start worker process 37
2025/09/24 08:17:26 [notice] 1#1: start worker process 38
2025/09/24 08:17:26 [notice] 1#1: start worker process 39
2025/09/24 08:17:26 [notice] 1#1: start worker process 40
2025/09/24 08:18:45 [notice] 1#1: signal 3 (SIGQUIT) received, shutting down
2025/09/24 08:18:45 [notice] 34#34: gracefully shutting down
2025/09/24 08:18:45 [notice] 40#40: gracefully shutting down
2025/09/24 08:18:45 [notice] 35#35: gracefully shutting down
2025/09/24 08:18:45 [notice] 35#35: exiting
2025/09/24 08:18:45 [notice] 31#31: gracefully shutting down
2025/09/24 08:18:45 [notice] 36#36: gracefully shutting down
2025/09/24 08:18:45 [notice] 39#39: gracefully shutting down
2025/09/24 08:18:45 [notice] 39#39: exiting
2025/09/24 08:18:45 [notice] 37#37: gracefully shutting down
2025/09/24 08:18:45 [notice] 30#30: gracefully shutting down
2025/09/24 08:18:45 [notice] 29#29: gracefully shutting down
2025/09/24 08:18:45 [notice] 29#29: exiting
2025/09/24 08:18:45 [notice] 33#33: gracefully shutting down
2025/09/24 08:18:45 [notice] 29#29: exit
2025/09/24 08:18:45 [notice] 32#32: gracefully shutting down
2025/09/24 08:18:45 [notice] 38#38: gracefully shutting down
2025/09/24 08:18:45 [notice] 34#34: exiting
2025/09/24 08:18:45 [notice] 40#40: exiting
2025/09/24 08:18:45 [notice] 31#31: exiting
2025/09/24 08:18:45 [notice] 35#35: exit
2025/09/24 08:18:45 [notice] 36#36: exiting
2025/09/24 08:18:45 [notice] 39#39: exit
2025/09/24 08:18:45 [notice] 37#37: exiting
2025/09/24 08:18:45 [notice] 30#30: exiting
2025/09/24 08:18:45 [notice] 33#33: exiting
2025/09/24 08:18:45 [notice] 32#32: exiting
2025/09/24 08:18:45 [notice] 33#33: exit
2025/09/24 08:18:45 [notice] 38#38: exiting
2025/09/24 08:18:45 [notice] 34#34: exit
2025/09/24 08:18:45 [notice] 38#38: exit
2025/09/24 08:18:45 [notice] 40#40: exit
2025/09/24 08:18:45 [notice] 31#31: exit
2025/09/24 08:18:45 [notice] 36#36: exit
2025/09/24 08:18:45 [notice] 37#37: exit
2025/09/24 08:18:45 [notice] 30#30: exit
2025/09/24 08:18:45 [notice] 32#32: exit
2025/09/24 08:18:45 [notice] 1#1: signal 17 (SIGCHLD) received from 35
2025/09/24 08:18:45 [notice] 1#1: worker process 29 exited with code 0
2025/09/24 08:18:45 [notice] 1#1: worker process 32 exited with code 0
2025/09/24 08:18:45 [notice] 1#1: worker process 33 exited with code 0
2025/09/24 08:18:45 [notice] 1#1: worker process 35 exited with code 0
2025/09/24 08:18:45 [notice] 1#1: worker process 37 exited with code 0
2025/09/24 08:18:45 [notice] 1#1: worker process 39 exited with code 0
2025/09/24 08:18:45 [notice] 1#1: signal 29 (SIGIO) received
2025/09/24 08:18:45 [notice] 1#1: signal 17 (SIGCHLD) received from 39
2025/09/24 08:18:45 [notice] 1#1: signal 17 (SIGCHLD) received from 36
2025/09/24 08:18:45 [notice] 1#1: worker process 30 exited with code 0
2025/09/24 08:18:45 [notice] 1#1: worker process 36 exited with code 0
2025/09/24 08:18:45 [notice] 1#1: signal 29 (SIGIO) received
2025/09/24 08:18:45 [notice] 1#1: signal 17 (SIGCHLD) received from 30
2025/09/24 08:18:45 [notice] 1#1: signal 17 (SIGCHLD) received from 34
2025/09/24 08:18:45 [notice] 1#1: worker process 34 exited with code 0
2025/09/24 08:18:45 [notice] 1#1: signal 29 (SIGIO) received
2025/09/24 08:18:45 [notice] 1#1: signal 17 (SIGCHLD) received from 31
2025/09/24 08:18:45 [notice] 1#1: worker process 31 exited with code 0
2025/09/24 08:18:45 [notice] 1#1: worker process 38 exited with code 0
2025/09/24 08:18:45 [notice] 1#1: worker process 40 exited with code 0
2025/09/24 08:18:45 [notice] 1#1: exit
2025/09/24 08:22:33 [notice] 1#1: using the "epoll" event method
2025/09/24 08:22:33 [notice] 1#1: nginx/1.29.1
2025/09/24 08:22:33 [notice] 1#1: built by gcc 14.2.0 (Alpine 14.2.0) 
2025/09/24 08:22:33 [notice] 1#1: OS: Linux 6.10.14-linuxkit
2025/09/24 08:22:33 [notice] 1#1: getrlimit(RLIMIT_NOFILE): 1048576:1048576
2025/09/24 08:22:33 [notice] 1#1: start worker processes
2025/09/24 08:22:33 [notice] 1#1: start worker process 29
2025/09/24 08:22:33 [notice] 1#1: start worker process 30
2025/09/24 08:22:33 [notice] 1#1: start worker process 31
2025/09/24 08:22:33 [notice] 1#1: start worker process 32
2025/09/24 08:22:33 [notice] 1#1: start worker process 33
2025/09/24 08:22:33 [notice] 1#1: start worker process 34
2025/09/24 08:22:33 [notice] 1#1: start worker process 35
2025/09/24 08:22:33 [notice] 1#1: start worker process 36
2025/09/24 08:22:33 [notice] 1#1: start worker process 37
2025/09/24 08:22:33 [notice] 1#1: start worker process 38
2025/09/24 08:22:33 [notice] 1#1: start worker process 39
2025/09/24 08:22:33 [notice] 1#1: start worker process 40
2025/09/24 08:22:50 [error] 30#30: *1 connect() failed (111: Connection refused) while connecting to upstream, client: 185.199.111.133, server: _, request: "POST /api/auth/signup HTTP/1.1", upstream: "http://172.19.0.6:8080/api/auth/signup", host: "localhost:9000"
2025/09/24 08:22:50 [error] 30#30: *1 connect() failed (111: Connection refused) while connecting to upstream, client: 185.199.111.133, server: _, request: "POST /api/auth/signup HTTP/1.1", upstream: "http://172.19.0.5:8080/api/auth/signup", host: "localhost:9000"
2025/09/24 08:22:50 [error] 30#30: *1 connect() failed (111: Connection refused) while connecting to upstream, client: 185.199.111.133, server: _, request: "POST /api/auth/signup HTTP/1.1", upstream: "http://172.19.0.4:8080/api/auth/signup", host: "localhost:9000"
2025/09/24 08:23:16 [error] 30#30: *1 connect() failed (111: Connection refused) while connecting to upstream, client: 185.199.111.133, server: _, request: "POST /api/auth/signup HTTP/1.1", upstream: "http://172.19.0.4:8080/api/auth/signup", host: "localhost:9000"
2025/09/24 08:23:16 [error] 30#30: *1 connect() failed (111: Connection refused) while connecting to upstream, client: 185.199.111.133, server: _, request: "POST /api/auth/signup HTTP/1.1", upstream: "http://172.19.0.5:8080/api/auth/signup", host: "localhost:9000"
2025/09/24 08:23:16 [error] 30#30: *1 connect() failed (111: Connection refused) while connecting to upstream, client: 185.199.111.133, server: _, request: "POST /api/auth/signup HTTP/1.1", upstream: "http://172.19.0.6:8080/api/auth/signup", host: "localhost:9000"
2025/09/24 08:23:39 [notice] 1#1: signal 3 (SIGQUIT) received, shutting down
2025/09/24 08:23:39 [notice] 29#29: gracefully shutting down
2025/09/24 08:23:39 [notice] 39#39: gracefully shutting down
2025/09/24 08:23:39 [notice] 31#31: gracefully shutting down
2025/09/24 08:23:39 [notice] 32#32: gracefully shutting down
2025/09/24 08:23:39 [notice] 33#33: gracefully shutting down
2025/09/24 08:23:39 [notice] 33#33: exiting
2025/09/24 08:23:39 [notice] 34#34: gracefully shutting down
2025/09/24 08:23:39 [notice] 34#34: exiting
2025/09/24 08:23:39 [notice] 35#35: gracefully shutting down
2025/09/24 08:23:39 [notice] 35#35: exiting
2025/09/24 08:23:39 [notice] 36#36: gracefully shutting down
2025/09/24 08:23:39 [notice] 30#30: gracefully shutting down
2025/09/24 08:23:39 [notice] 37#37: gracefully shutting down
2025/09/24 08:23:39 [notice] 37#37: exiting
2025/09/24 08:23:39 [notice] 38#38: gracefully shutting down
2025/09/24 08:23:39 [notice] 38#38: exiting
2025/09/24 08:23:39 [notice] 40#40: gracefully shutting down
2025/09/24 08:23:39 [notice] 29#29: exiting
2025/09/24 08:23:39 [notice] 39#39: exiting
2025/09/24 08:23:39 [notice] 29#29: exit
2025/09/24 08:23:39 [notice] 31#31: exiting
2025/09/24 08:23:39 [notice] 32#32: exiting
2025/09/24 08:23:39 [notice] 31#31: exit
2025/09/24 08:23:39 [notice] 33#33: exit
2025/09/24 08:23:39 [notice] 34#34: exit
2025/09/24 08:23:39 [notice] 35#35: exit
2025/09/24 08:23:39 [notice] 36#36: exiting
2025/09/24 08:23:39 [notice] 30#30: exiting
2025/09/24 08:23:39 [notice] 37#37: exit
2025/09/24 08:23:39 [notice] 38#38: exit
2025/09/24 08:23:39 [notice] 40#40: exiting
2025/09/24 08:23:39 [notice] 39#39: exit
2025/09/24 08:23:39 [notice] 32#32: exit
2025/09/24 08:23:39 [notice] 36#36: exit
2025/09/24 08:23:39 [notice] 30#30: exit
2025/09/24 08:23:39 [notice] 40#40: exit
2025/09/24 08:23:39 [notice] 1#1: signal 17 (SIGCHLD) received from 30
2025/09/24 08:23:39 [notice] 1#1: worker process 29 exited with code 0
2025/09/24 08:23:39 [notice] 1#1: worker process 30 exited with code 0
2025/09/24 08:23:39 [notice] 1#1: worker process 31 exited with code 0
2025/09/24 08:23:39 [notice] 1#1: worker process 32 exited with code 0
2025/09/24 08:23:39 [notice] 1#1: worker process 33 exited with code 0
2025/09/24 08:23:39 [notice] 1#1: worker process 34 exited with code 0
2025/09/24 08:23:39 [notice] 1#1: worker process 35 exited with code 0
2025/09/24 08:23:39 [notice] 1#1: worker process 36 exited with code 0
2025/09/24 08:23:39 [notice] 1#1: worker process 37 exited with code 0
2025/09/24 08:23:39 [notice] 1#1: worker process 38 exited with code 0
2025/09/24 08:23:39 [notice] 1#1: worker process 39 exited with code 0
2025/09/24 08:23:39 [notice] 1#1: worker process 40 exited with code 0
2025/09/24 08:23:39 [notice] 1#1: exit
2025/09/24 08:23:39 [notice] 1#1: using the "epoll" event method
2025/09/24 08:23:39 [notice] 1#1: nginx/1.29.1
2025/09/24 08:23:39 [notice] 1#1: built by gcc 14.2.0 (Alpine 14.2.0) 
2025/09/24 08:23:39 [notice] 1#1: OS: Linux 6.10.14-linuxkit
2025/09/24 08:23:39 [notice] 1#1: getrlimit(RLIMIT_NOFILE): 1048576:1048576
2025/09/24 08:23:39 [notice] 1#1: start worker processes
2025/09/24 08:23:39 [notice] 1#1: start worker process 29
2025/09/24 08:23:39 [notice] 1#1: start worker process 30
2025/09/24 08:23:39 [notice] 1#1: start worker process 31
2025/09/24 08:23:39 [notice] 1#1: start worker process 32
2025/09/24 08:23:39 [notice] 1#1: start worker process 33
2025/09/24 08:23:39 [notice] 1#1: start worker process 34
2025/09/24 08:23:39 [notice] 1#1: start worker process 35
2025/09/24 08:23:39 [notice] 1#1: start worker process 36
2025/09/24 08:23:39 [notice] 1#1: start worker process 37
2025/09/24 08:23:39 [notice] 1#1: start worker process 38
2025/09/24 08:23:39 [notice] 1#1: start worker process 39
2025/09/24 08:23:39 [notice] 1#1: start worker process 40
2025/09/24 08:23:41 [error] 29#29: *1 connect() failed (111: Connection refused) while connecting to upstream, client: 185.199.111.133, server: _, request: "POST /api/auth/signup HTTP/1.1", upstream: "http://172.19.0.6:8080/api/auth/signup", host: "localhost:9000"
2025/09/24 08:23:41 [error] 29#29: *1 connect() failed (111: Connection refused) while connecting to upstream, client: 185.199.111.133, server: _, request: "POST /api/auth/signup HTTP/1.1", upstream: "http://172.19.0.5:8080/api/auth/signup", host: "localhost:9000"
2025/09/24 08:23:41 [error] 29#29: *1 connect() failed (111: Connection refused) while connecting to upstream, client: 185.199.111.133, server: _, request: "POST /api/auth/signup HTTP/1.1", upstream: "http://172.19.0.4:8080/api/auth/signup", host: "localhost:9000"
2025/09/24 08:23:42 [error] 29#29: *1 no live upstreams while connecting to upstream, client: 185.199.111.133, server: _, request: "POST /api/auth/signup HTTP/1.1", upstream: "http://auth_backend/api/auth/signup", host: "localhost:9000"
2025/09/24 08:23:42 [error] 29#29: *1 no live upstreams while connecting to upstream, client: 185.199.111.133, server: _, request: "POST /api/auth/signup HTTP/1.1", upstream: "http://auth_backend/api/auth/signup", host: "localhost:9000"
2025/09/24 08:24:03 [notice] 1#1: signal 3 (SIGQUIT) received, shutting down
2025/09/24 08:24:03 [notice] 30#30: gracefully shutting down
2025/09/24 08:24:03 [notice] 35#35: gracefully shutting down
2025/09/24 08:24:03 [notice] 29#29: gracefully shutting down
2025/09/24 08:24:03 [notice] 31#31: gracefully shutting down
2025/09/24 08:24:03 [notice] 32#32: gracefully shutting down
2025/09/24 08:24:03 [notice] 33#33: gracefully shutting down
2025/09/24 08:24:03 [notice] 37#37: gracefully shutting down
2025/09/24 08:24:03 [notice] 34#34: gracefully shutting down
2025/09/24 08:24:03 [notice] 38#38: gracefully shutting down
2025/09/24 08:24:03 [notice] 40#40: gracefully shutting down
2025/09/24 08:24:03 [notice] 40#40: exiting
2025/09/24 08:24:03 [notice] 39#39: gracefully shutting down
2025/09/24 08:24:03 [notice] 36#36: gracefully shutting down
2025/09/24 08:24:03 [notice] 36#36: exiting
2025/09/24 08:24:03 [notice] 30#30: exiting
2025/09/24 08:24:03 [notice] 35#35: exiting
2025/09/24 08:24:03 [notice] 29#29: exiting
2025/09/24 08:24:03 [notice] 31#31: exiting
2025/09/24 08:24:03 [notice] 32#32: exiting
2025/09/24 08:24:03 [notice] 33#33: exiting
2025/09/24 08:24:03 [notice] 32#32: exit
2025/09/24 08:24:03 [notice] 37#37: exiting
2025/09/24 08:24:03 [notice] 34#34: exiting
2025/09/24 08:24:03 [notice] 37#37: exit
2025/09/24 08:24:03 [notice] 38#38: exiting
2025/09/24 08:24:03 [notice] 39#39: exiting
2025/09/24 08:24:03 [notice] 40#40: exit
2025/09/24 08:24:03 [notice] 36#36: exit
2025/09/24 08:24:03 [notice] 30#30: exit
2025/09/24 08:24:03 [notice] 35#35: exit
2025/09/24 08:24:03 [notice] 29#29: exit
2025/09/24 08:24:03 [notice] 31#31: exit
2025/09/24 08:24:03 [notice] 33#33: exit
2025/09/24 08:24:03 [notice] 34#34: exit
2025/09/24 08:24:03 [notice] 38#38: exit
2025/09/24 08:24:03 [notice] 39#39: exit
2025/09/24 08:24:03 [notice] 1#1: signal 17 (SIGCHLD) received from 30
2025/09/24 08:24:03 [notice] 1#1: worker process 30 exited with code 0
2025/09/24 08:24:03 [notice] 1#1: worker process 31 exited with code 0
2025/09/24 08:24:03 [notice] 1#1: worker process 32 exited with code 0
2025/09/24 08:24:03 [notice] 1#1: worker process 33 exited with code 0
2025/09/24 08:24:03 [notice] 1#1: worker process 34 exited with code 0
2025/09/24 08:24:03 [notice] 1#1: worker process 37 exited with code 0
2025/09/24 08:24:03 [notice] 1#1: worker process 38 exited with code 0
2025/09/24 08:24:03 [notice] 1#1: signal 29 (SIGIO) received
2025/09/24 08:24:03 [notice] 1#1: signal 17 (SIGCHLD) received from 34
2025/09/24 08:24:03 [notice] 1#1: signal 17 (SIGCHLD) received from 40
2025/09/24 08:24:03 [notice] 1#1: worker process 35 exited with code 0
2025/09/24 08:24:03 [notice] 1#1: worker process 36 exited with code 0
2025/09/24 08:24:03 [notice] 1#1: worker process 39 exited with code 0
2025/09/24 08:24:03 [notice] 1#1: worker process 40 exited with code 0
2025/09/24 08:24:03 [notice] 1#1: signal 29 (SIGIO) received
2025/09/24 08:24:03 [notice] 1#1: signal 17 (SIGCHLD) received from 36
2025/09/24 08:24:03 [notice] 1#1: signal 17 (SIGCHLD) received from 29
2025/09/24 08:24:03 [notice] 1#1: worker process 29 exited with code 0
2025/09/24 08:24:03 [notice] 1#1: exit
2025/09/24 08:24:03 [notice] 1#1: using the "epoll" event method
2025/09/24 08:24:03 [notice] 1#1: nginx/1.29.1
2025/09/24 08:24:03 [notice] 1#1: built by gcc 14.2.0 (Alpine 14.2.0) 
2025/09/24 08:24:03 [notice] 1#1: OS: Linux 6.10.14-linuxkit
2025/09/24 08:24:03 [notice] 1#1: getrlimit(RLIMIT_NOFILE): 1048576:1048576
2025/09/24 08:24:03 [notice] 1#1: start worker processes
2025/09/24 08:24:03 [notice] 1#1: start worker process 29
2025/09/24 08:24:03 [notice] 1#1: start worker process 30
2025/09/24 08:24:03 [notice] 1#1: start worker process 31
2025/09/24 08:24:03 [notice] 1#1: start worker process 32
2025/09/24 08:24:03 [notice] 1#1: start worker process 33
2025/09/24 08:24:03 [notice] 1#1: start worker process 34
2025/09/24 08:24:03 [notice] 1#1: start worker process 35
2025/09/24 08:24:03 [notice] 1#1: start worker process 36
2025/09/24 08:24:03 [notice] 1#1: start worker process 37
2025/09/24 08:24:03 [notice] 1#1: start worker process 38
2025/09/24 08:24:03 [notice] 1#1: start worker process 39
2025/09/24 08:24:03 [notice] 1#1: start worker process 40
2025/09/24 08:24:13 [notice] 1#1: signal 3 (SIGQUIT) received, shutting down
2025/09/24 08:24:13 [notice] 29#29: gracefully shutting down
2025/09/24 08:24:13 [notice] 29#29: exiting
2025/09/24 08:24:13 [notice] 32#32: gracefully shutting down
2025/09/24 08:24:13 [notice] 32#32: exiting
2025/09/24 08:24:13 [notice] 30#30: gracefully shutting down
2025/09/24 08:24:13 [notice] 30#30: exiting
2025/09/24 08:24:13 [notice] 33#33: gracefully shutting down
2025/09/24 08:24:13 [notice] 38#38: gracefully shutting down
2025/09/24 08:24:13 [notice] 38#38: exiting
2025/09/24 08:24:13 [notice] 34#34: gracefully shutting down
2025/09/24 08:24:13 [notice] 34#34: exiting
2025/09/24 08:24:13 [notice] 39#39: gracefully shutting down
2025/09/24 08:24:13 [notice] 36#36: gracefully shutting down
2025/09/24 08:24:13 [notice] 36#36: exiting
2025/09/24 08:24:13 [notice] 37#37: gracefully shutting down
2025/09/24 08:24:13 [notice] 40#40: gracefully shutting down
2025/09/24 08:24:13 [notice] 31#31: gracefully shutting down
2025/09/24 08:24:13 [notice] 35#35: gracefully shutting down
2025/09/24 08:24:13 [notice] 32#32: exit
2025/09/24 08:24:13 [notice] 29#29: exit
2025/09/24 08:24:13 [notice] 30#30: exit
2025/09/24 08:24:13 [notice] 33#33: exiting
2025/09/24 08:24:13 [notice] 38#38: exit
2025/09/24 08:24:13 [notice] 34#34: exit
2025/09/24 08:24:13 [notice] 39#39: exiting
2025/09/24 08:24:13 [notice] 37#37: exiting
2025/09/24 08:24:13 [notice] 39#39: exit
2025/09/24 08:24:13 [notice] 36#36: exit
2025/09/24 08:24:13 [notice] 40#40: exiting
2025/09/24 08:24:13 [notice] 31#31: exiting
2025/09/24 08:24:13 [notice] 35#35: exiting
2025/09/24 08:24:13 [notice] 31#31: exit
2025/09/24 08:24:13 [notice] 33#33: exit
2025/09/24 08:24:13 [notice] 37#37: exit
2025/09/24 08:24:13 [notice] 40#40: exit
2025/09/24 08:24:13 [notice] 35#35: exit
2025/09/24 08:24:13 [notice] 1#1: signal 17 (SIGCHLD) received from 29
2025/09/24 08:24:13 [notice] 1#1: worker process 29 exited with code 0
2025/09/24 08:24:13 [notice] 1#1: worker process 32 exited with code 0
2025/09/24 08:24:13 [notice] 1#1: worker process 38 exited with code 0
2025/09/24 08:24:13 [notice] 1#1: signal 29 (SIGIO) received
2025/09/24 08:24:13 [notice] 1#1: signal 17 (SIGCHLD) received from 32
2025/09/24 08:24:13 [notice] 1#1: signal 17 (SIGCHLD) received from 31
2025/09/24 08:24:13 [notice] 1#1: worker process 30 exited with code 0
2025/09/24 08:24:13 [notice] 1#1: worker process 31 exited with code 0
2025/09/24 08:24:13 [notice] 1#1: worker process 33 exited with code 0
2025/09/24 08:24:13 [notice] 1#1: worker process 34 exited with code 0
2025/09/24 08:24:13 [notice] 1#1: worker process 35 exited with code 0
2025/09/24 08:24:13 [notice] 1#1: worker process 36 exited with code 0
2025/09/24 08:24:13 [notice] 1#1: worker process 37 exited with code 0
2025/09/24 08:24:13 [notice] 1#1: worker process 39 exited with code 0
2025/09/24 08:24:13 [notice] 1#1: worker process 40 exited with code 0
2025/09/24 08:24:13 [notice] 1#1: exit
2025/09/24 08:24:14 [emerg] 1#1: host not found in upstream "auth-server-1:8080" in /etc/nginx/conf.d/default.conf:5
2025/09/24 08:24:51 [emerg] 1#1: host not found in upstream "auth-server-1:8080" in /etc/nginx/conf.d/default.conf:5
2025/09/24 08:25:00 [notice] 1#1: using the "epoll" event method
2025/09/24 08:25:00 [notice] 1#1: nginx/1.29.1
2025/09/24 08:25:00 [notice] 1#1: built by gcc 14.2.0 (Alpine 14.2.0) 
2025/09/24 08:25:00 [notice] 1#1: OS: Linux 6.10.14-linuxkit
2025/09/24 08:25:00 [notice] 1#1: getrlimit(RLIMIT_NOFILE): 1048576:1048576
2025/09/24 08:25:00 [notice] 1#1: start worker processes
2025/09/24 08:25:00 [notice] 1#1: start worker process 29
2025/09/24 08:25:00 [notice] 1#1: start worker process 30
2025/09/24 08:25:00 [notice] 1#1: start worker process 31
2025/09/24 08:25:00 [notice] 1#1: start worker process 32
2025/09/24 08:25:00 [notice] 1#1: start worker process 33
2025/09/24 08:25:00 [notice] 1#1: start worker process 34
2025/09/24 08:25:00 [notice] 1#1: start worker process 35
2025/09/24 08:25:00 [notice] 1#1: start worker process 36
2025/09/24 08:25:00 [notice] 1#1: start worker process 37
2025/09/24 08:25:00 [notice] 1#1: start worker process 38
2025/09/24 08:25:00 [notice] 1#1: start worker process 39
2025/09/24 08:25:00 [notice] 1#1: start worker process 40
2025/09/24 08:25:18 [error] 29#29: *1 connect() failed (111: Connection refused) while connecting to upstream, client: 185.199.111.133, server: _, request: "POST /api/auth/signup HTTP/1.1", upstream: "http://172.19.0.5:8080/api/auth/signup", host: "localhost:9000"
2025/09/24 08:25:18 [error] 29#29: *1 connect() failed (111: Connection refused) while connecting to upstream, client: 185.199.111.133, server: _, request: "POST /api/auth/signup HTTP/1.1", upstream: "http://172.19.0.4:8080/api/auth/signup", host: "localhost:9000"
2025/09/24 08:25:18 [error] 29#29: *1 connect() failed (111: Connection refused) while connecting to upstream, client: 185.199.111.133, server: _, request: "POST /api/auth/signup HTTP/1.1", upstream: "http://172.19.0.6:8080/api/auth/signup", host: "localhost:9000"
2025/09/24 08:25:22 [notice] 1#1: signal 3 (SIGQUIT) received, shutting down
2025/09/24 08:25:22 [notice] 30#30: gracefully shutting down
2025/09/24 08:25:22 [notice] 30#30: exiting
2025/09/24 08:25:22 [notice] 31#31: gracefully shutting down
2025/09/24 08:25:22 [notice] 30#30: exit
2025/09/24 08:25:22 [notice] 33#33: gracefully shutting down
2025/09/24 08:25:22 [notice] 34#34: gracefully shutting down
2025/09/24 08:25:22 [notice] 34#34: exiting
2025/09/24 08:25:22 [notice] 32#32: gracefully shutting down
2025/09/24 08:25:22 [notice] 35#35: gracefully shutting down
2025/09/24 08:25:22 [notice] 35#35: exiting
2025/09/24 08:25:22 [notice] 29#29: gracefully shutting down
2025/09/24 08:25:22 [notice] 35#35: exit
2025/09/24 08:25:22 [notice] 37#37: gracefully shutting down
2025/09/24 08:25:22 [notice] 37#37: exiting
2025/09/24 08:25:22 [notice] 36#36: gracefully shutting down
2025/09/24 08:25:22 [notice] 38#38: gracefully shutting down
2025/09/24 08:25:22 [notice] 39#39: gracefully shutting down
2025/09/24 08:25:22 [notice] 40#40: gracefully shutting down
2025/09/24 08:25:22 [notice] 31#31: exiting
2025/09/24 08:25:22 [notice] 33#33: exiting
2025/09/24 08:25:22 [notice] 34#34: exit
2025/09/24 08:25:22 [notice] 32#32: exiting
2025/09/24 08:25:22 [notice] 29#29: exiting
2025/09/24 08:25:22 [notice] 32#32: exit
2025/09/24 08:25:22 [notice] 37#37: exit
2025/09/24 08:25:22 [notice] 36#36: exiting
2025/09/24 08:25:22 [notice] 38#38: exiting
2025/09/24 08:25:22 [notice] 39#39: exiting
2025/09/24 08:25:22 [notice] 40#40: exiting
2025/09/24 08:25:22 [notice] 39#39: exit
2025/09/24 08:25:22 [notice] 31#31: exit
2025/09/24 08:25:22 [notice] 33#33: exit
2025/09/24 08:25:22 [notice] 29#29: exit
2025/09/24 08:25:22 [notice] 36#36: exit
2025/09/24 08:25:22 [notice] 38#38: exit
2025/09/24 08:25:22 [notice] 40#40: exit
2025/09/24 08:25:22 [notice] 1#1: signal 17 (SIGCHLD) received from 30
2025/09/24 08:25:22 [notice] 1#1: worker process 30 exited with code 0
2025/09/24 08:25:22 [notice] 1#1: signal 29 (SIGIO) received
2025/09/24 08:25:22 [notice] 1#1: signal 17 (SIGCHLD) received from 39
2025/09/24 08:25:22 [notice] 1#1: worker process 29 exited with code 0
2025/09/24 08:25:22 [notice] 1#1: worker process 31 exited with code 0
2025/09/24 08:25:22 [notice] 1#1: worker process 32 exited with code 0
2025/09/24 08:25:22 [notice] 1#1: worker process 33 exited with code 0
2025/09/24 08:25:22 [notice] 1#1: worker process 34 exited with code 0
2025/09/24 08:25:22 [notice] 1#1: worker process 35 exited with code 0
2025/09/24 08:25:22 [notice] 1#1: worker process 36 exited with code 0
2025/09/24 08:25:22 [notice] 1#1: worker process 37 exited with code 0
2025/09/24 08:25:22 [notice] 1#1: worker process 38 exited with code 0
2025/09/24 08:25:22 [notice] 1#1: worker process 39 exited with code 0
2025/09/24 08:25:22 [notice] 1#1: worker process 40 exited with code 0
2025/09/24 08:25:22 [notice] 1#1: exit
2025/09/24 08:25:22 [notice] 1#1: using the "epoll" event method
2025/09/24 08:25:22 [notice] 1#1: nginx/1.29.1
2025/09/24 08:25:22 [notice] 1#1: built by gcc 14.2.0 (Alpine 14.2.0) 
2025/09/24 08:25:22 [notice] 1#1: OS: Linux 6.10.14-linuxkit
2025/09/24 08:25:22 [notice] 1#1: getrlimit(RLIMIT_NOFILE): 1048576:1048576
2025/09/24 08:25:22 [notice] 1#1: start worker processes
2025/09/24 08:25:22 [notice] 1#1: start worker process 29
2025/09/24 08:25:22 [notice] 1#1: start worker process 30
2025/09/24 08:25:22 [notice] 1#1: start worker process 31
2025/09/24 08:25:22 [notice] 1#1: start worker process 32
2025/09/24 08:25:22 [notice] 1#1: start worker process 33
2025/09/24 08:25:22 [notice] 1#1: start worker process 34
2025/09/24 08:25:22 [notice] 1#1: start worker process 35
2025/09/24 08:25:22 [notice] 1#1: start worker process 36
2025/09/24 08:25:22 [notice] 1#1: start worker process 37
2025/09/24 08:25:22 [notice] 1#1: start worker process 38
2025/09/24 08:25:22 [notice] 1#1: start worker process 39
2025/09/24 08:25:22 [notice] 1#1: start worker process 40
2025/09/24 08:25:26 [notice] 1#1: signal 3 (SIGQUIT) received, shutting down
2025/09/24 08:25:26 [notice] 29#29: gracefully shutting down
2025/09/24 08:25:26 [notice] 31#31: gracefully shutting down
2025/09/24 08:25:26 [notice] 31#31: exiting
2025/09/24 08:25:26 [notice] 30#30: gracefully shutting down
2025/09/24 08:25:26 [notice] 32#32: gracefully shutting down
2025/09/24 08:25:26 [notice] 33#33: gracefully shutting down
2025/09/24 08:25:26 [notice] 33#33: exiting
2025/09/24 08:25:26 [notice] 37#37: gracefully shutting down
2025/09/24 08:25:26 [notice] 34#34: gracefully shutting down
2025/09/24 08:25:26 [notice] 34#34: exiting
2025/09/24 08:25:26 [notice] 35#35: gracefully shutting down
2025/09/24 08:25:26 [notice] 34#34: exit
2025/09/24 08:25:26 [notice] 36#36: gracefully shutting down
2025/09/24 08:25:26 [notice] 39#39: gracefully shutting down
2025/09/24 08:25:26 [notice] 39#39: exiting
2025/09/24 08:25:26 [notice] 38#38: gracefully shutting down
2025/09/24 08:25:26 [notice] 40#40: gracefully shutting down
2025/09/24 08:25:26 [notice] 29#29: exiting
2025/09/24 08:25:26 [notice] 31#31: exit
2025/09/24 08:25:26 [notice] 29#29: exit
2025/09/24 08:25:26 [notice] 30#30: exiting
2025/09/24 08:25:26 [notice] 32#32: exiting
2025/09/24 08:25:26 [notice] 33#33: exit
2025/09/24 08:25:26 [notice] 32#32: exit
2025/09/24 08:25:26 [notice] 37#37: exiting
2025/09/24 08:25:26 [notice] 35#35: exiting
2025/09/24 08:25:26 [notice] 37#37: exit
2025/09/24 08:25:26 [notice] 36#36: exiting
2025/09/24 08:25:26 [notice] 39#39: exit
2025/09/24 08:25:26 [notice] 36#36: exit
2025/09/24 08:25:26 [notice] 38#38: exiting
2025/09/24 08:25:26 [notice] 40#40: exiting
2025/09/24 08:25:26 [notice] 30#30: exit
2025/09/24 08:25:26 [notice] 35#35: exit
2025/09/24 08:25:26 [notice] 38#38: exit
2025/09/24 08:25:26 [notice] 40#40: exit
2025/09/24 08:25:26 [notice] 1#1: signal 17 (SIGCHLD) received from 38
2025/09/24 08:25:26 [notice] 1#1: worker process 29 exited with code 0
2025/09/24 08:25:26 [notice] 1#1: worker process 30 exited with code 0
2025/09/24 08:25:26 [notice] 1#1: worker process 31 exited with code 0
2025/09/24 08:25:26 [notice] 1#1: worker process 32 exited with code 0
2025/09/24 08:25:26 [notice] 1#1: worker process 34 exited with code 0
2025/09/24 08:25:26 [notice] 1#1: worker process 35 exited with code 0
2025/09/24 08:25:26 [notice] 1#1: worker process 36 exited with code 0
2025/09/24 08:25:26 [notice] 1#1: worker process 37 exited with code 0
2025/09/24 08:25:26 [notice] 1#1: worker process 38 exited with code 0
2025/09/24 08:25:26 [notice] 1#1: worker process 39 exited with code 0
2025/09/24 08:25:26 [notice] 1#1: worker process 40 exited with code 0
2025/09/24 08:25:26 [notice] 1#1: signal 29 (SIGIO) received
2025/09/24 08:25:26 [notice] 1#1: signal 17 (SIGCHLD) received from 32
2025/09/24 08:25:26 [notice] 1#1: signal 17 (SIGCHLD) received from 33
2025/09/24 08:25:26 [notice] 1#1: worker process 33 exited with code 0
2025/09/24 08:25:26 [notice] 1#1: exit
2025/09/24 08:25:26 [notice] 1#1: using the "epoll" event method
2025/09/24 08:25:26 [notice] 1#1: nginx/1.29.1
2025/09/24 08:25:26 [notice] 1#1: built by gcc 14.2.0 (Alpine 14.2.0) 
2025/09/24 08:25:26 [notice] 1#1: OS: Linux 6.10.14-linuxkit
2025/09/24 08:25:26 [notice] 1#1: getrlimit(RLIMIT_NOFILE): 1048576:1048576
2025/09/24 08:25:26 [notice] 1#1: start worker processes
2025/09/24 08:25:26 [notice] 1#1: start worker process 29
2025/09/24 08:25:26 [notice] 1#1: start worker process 30
2025/09/24 08:25:26 [notice] 1#1: start worker process 31
2025/09/24 08:25:26 [notice] 1#1: start worker process 32
2025/09/24 08:25:26 [notice] 1#1: start worker process 33
2025/09/24 08:25:26 [notice] 1#1: start worker process 34
2025/09/24 08:25:26 [notice] 1#1: start worker process 35
2025/09/24 08:25:26 [notice] 1#1: start worker process 36
2025/09/24 08:25:26 [notice] 1#1: start worker process 37
2025/09/24 08:25:26 [notice] 1#1: start worker process 38
2025/09/24 08:25:26 [notice] 1#1: start worker process 39
2025/09/24 08:25:26 [notice] 1#1: start worker process 40
2025/09/24 08:26:48 [error] 30#30: *2 upstream timed out (110: Operation timed out) while reading response header from upstream, client: 185.199.111.133, server: _, request: "POST /api/auth/signup HTTP/1.1", upstream: "http://172.19.0.4:8081/api/auth/signup", host: "localhost:9000"
2025/09/24 08:27:06 [notice] 1#1: signal 3 (SIGQUIT) received, shutting down
2025/09/24 08:27:06 [notice] 29#29: gracefully shutting down
2025/09/24 08:27:06 [notice] 40#40: gracefully shutting down
2025/09/24 08:27:06 [notice] 31#31: gracefully shutting down
2025/09/24 08:27:06 [notice] 35#35: gracefully shutting down
2025/09/24 08:27:06 [notice] 33#33: gracefully shutting down
2025/09/24 08:27:06 [notice] 34#34: gracefully shutting down
2025/09/24 08:27:06 [notice] 30#30: gracefully shutting down
2025/09/24 08:27:06 [notice] 32#32: gracefully shutting down
2025/09/24 08:27:06 [notice] 37#37: gracefully shutting down
2025/09/24 08:27:06 [notice] 39#39: gracefully shutting down
2025/09/24 08:27:06 [notice] 38#38: gracefully shutting down
2025/09/24 08:27:06 [notice] 36#36: gracefully shutting down
2025/09/24 08:27:06 [notice] 29#29: exiting
2025/09/24 08:27:06 [notice] 38#38: exiting
2025/09/24 08:27:06 [notice] 40#40: exiting
2025/09/24 08:27:06 [notice] 31#31: exiting
2025/09/24 08:27:06 [notice] 35#35: exiting
2025/09/24 08:27:06 [notice] 31#31: exit
2025/09/24 08:27:06 [notice] 33#33: exiting
2025/09/24 08:27:06 [notice] 34#34: exiting
2025/09/24 08:27:06 [notice] 30#30: exiting
2025/09/24 08:27:06 [notice] 33#33: exit
2025/09/24 08:27:06 [notice] 32#32: exiting
2025/09/24 08:27:06 [notice] 37#37: exiting
2025/09/24 08:27:06 [notice] 39#39: exiting
2025/09/24 08:27:06 [notice] 36#36: exiting
2025/09/24 08:27:06 [notice] 29#29: exit
2025/09/24 08:27:06 [notice] 38#38: exit
2025/09/24 08:27:06 [notice] 40#40: exit
2025/09/24 08:27:06 [notice] 35#35: exit
2025/09/24 08:27:06 [notice] 34#34: exit
2025/09/24 08:27:06 [notice] 30#30: exit
2025/09/24 08:27:06 [notice] 32#32: exit
2025/09/24 08:27:06 [notice] 37#37: exit
2025/09/24 08:27:06 [notice] 39#39: exit
2025/09/24 08:27:06 [notice] 36#36: exit
2025/09/24 08:27:06 [notice] 1#1: signal 17 (SIGCHLD) received from 32
2025/09/24 08:27:06 [notice] 1#1: worker process 32 exited with code 0
2025/09/24 08:27:06 [notice] 1#1: worker process 37 exited with code 0
2025/09/24 08:27:06 [notice] 1#1: signal 29 (SIGIO) received
2025/09/24 08:27:06 [notice] 1#1: signal 17 (SIGCHLD) received from 35
2025/09/24 08:27:06 [notice] 1#1: worker process 29 exited with code 0
2025/09/24 08:27:06 [notice] 1#1: worker process 30 exited with code 0
2025/09/24 08:27:06 [notice] 1#1: worker process 31 exited with code 0
2025/09/24 08:27:06 [notice] 1#1: worker process 33 exited with code 0
2025/09/24 08:27:06 [notice] 1#1: worker process 34 exited with code 0
2025/09/24 08:27:06 [notice] 1#1: worker process 35 exited with code 0
2025/09/24 08:27:06 [notice] 1#1: worker process 39 exited with code 0
2025/09/24 08:27:06 [notice] 1#1: worker process 40 exited with code 0
2025/09/24 08:27:06 [notice] 1#1: signal 29 (SIGIO) received
2025/09/24 08:27:06 [notice] 1#1: signal 17 (SIGCHLD) received from 30
2025/09/24 08:27:06 [notice] 1#1: signal 17 (SIGCHLD) received from 38
2025/09/24 08:27:06 [notice] 1#1: worker process 36 exited with code 0
2025/09/24 08:27:06 [notice] 1#1: worker process 38 exited with code 0
2025/09/24 08:27:06 [notice] 1#1: exit
2025/09/24 08:27:19 [notice] 1#1: using the "epoll" event method
2025/09/24 08:27:19 [notice] 1#1: nginx/1.29.1
2025/09/24 08:27:19 [notice] 1#1: built by gcc 14.2.0 (Alpine 14.2.0) 
2025/09/24 08:27:19 [notice] 1#1: OS: Linux 6.10.14-linuxkit
2025/09/24 08:27:19 [notice] 1#1: getrlimit(RLIMIT_NOFILE): 1048576:1048576
2025/09/24 08:27:19 [notice] 1#1: start worker processes
2025/09/24 08:27:19 [notice] 1#1: start worker process 29
2025/09/24 08:27:19 [notice] 1#1: start worker process 30
2025/09/24 08:27:19 [notice] 1#1: start worker process 31
2025/09/24 08:27:19 [notice] 1#1: start worker process 32
2025/09/24 08:27:19 [notice] 1#1: start worker process 33
2025/09/24 08:27:19 [notice] 1#1: start worker process 34
2025/09/24 08:27:19 [notice] 1#1: start worker process 35
2025/09/24 08:27:19 [notice] 1#1: start worker process 36
2025/09/24 08:27:19 [notice] 1#1: start worker process 37
2025/09/24 08:27:19 [notice] 1#1: start worker process 38
2025/09/24 08:27:19 [notice] 1#1: start worker process 39
2025/09/24 08:27:19 [notice] 1#1: start worker process 40
2025/09/24 08:28:31 [notice] 1#1: signal 3 (SIGQUIT) received, shutting down
2025/09/24 08:28:31 [notice] 30#30: gracefully shutting down
2025/09/24 08:28:31 [notice] 36#36: gracefully shutting down
2025/09/24 08:28:31 [notice] 29#29: gracefully shutting down
2025/09/24 08:28:31 [notice] 32#32: gracefully shutting down
2025/09/24 08:28:31 [notice] 33#33: gracefully shutting down
2025/09/24 08:28:31 [notice] 31#31: gracefully shutting down
2025/09/24 08:28:31 [notice] 34#34: gracefully shutting down
2025/09/24 08:28:31 [notice] 35#35: gracefully shutting down
2025/09/24 08:28:31 [notice] 37#37: gracefully shutting down
2025/09/24 08:28:31 [notice] 38#38: gracefully shutting down
2025/09/24 08:28:31 [notice] 37#37: exiting
2025/09/24 08:28:31 [notice] 40#40: gracefully shutting down
2025/09/24 08:28:31 [notice] 36#36: exiting
2025/09/24 08:28:31 [notice] 39#39: gracefully shutting down
2025/09/24 08:28:31 [notice] 30#30: exiting
2025/09/24 08:28:31 [notice] 29#29: exiting
2025/09/24 08:28:31 [notice] 32#32: exiting
2025/09/24 08:28:31 [notice] 33#33: exiting
2025/09/24 08:28:31 [notice] 31#31: exiting
2025/09/24 08:28:31 [notice] 34#34: exiting
2025/09/24 08:28:31 [notice] 35#35: exiting
2025/09/24 08:28:31 [notice] 38#38: exiting
2025/09/24 08:28:31 [notice] 40#40: exiting
2025/09/24 08:28:31 [notice] 36#36: exit
2025/09/24 08:28:31 [notice] 37#37: exit
2025/09/24 08:28:31 [notice] 30#30: exit
2025/09/24 08:28:31 [notice] 29#29: exit
2025/09/24 08:28:31 [notice] 32#32: exit
2025/09/24 08:28:31 [notice] 39#39: exiting
2025/09/24 08:28:31 [notice] 33#33: exit
2025/09/24 08:28:31 [notice] 31#31: exit
2025/09/24 08:28:31 [notice] 34#34: exit
2025/09/24 08:28:31 [notice] 35#35: exit
2025/09/24 08:28:31 [notice] 38#38: exit
2025/09/24 08:28:31 [notice] 40#40: exit
2025/09/24 08:28:31 [notice] 39#39: exit
2025/09/24 08:28:31 [notice] 1#1: signal 17 (SIGCHLD) received from 36
2025/09/24 08:28:31 [notice] 1#1: worker process 31 exited with code 0
2025/09/24 08:28:31 [notice] 1#1: worker process 30 exited with code 0
2025/09/24 08:28:31 [notice] 1#1: worker process 32 exited with code 0
2025/09/24 08:28:31 [notice] 1#1: worker process 33 exited with code 0
2025/09/24 08:28:31 [notice] 1#1: worker process 34 exited with code 0
2025/09/24 08:28:31 [notice] 1#1: worker process 35 exited with code 0
2025/09/24 08:28:31 [notice] 1#1: worker process 36 exited with code 0
2025/09/24 08:28:31 [notice] 1#1: worker process 37 exited with code 0
2025/09/24 08:28:31 [notice] 1#1: worker process 39 exited with code 0
2025/09/24 08:28:31 [notice] 1#1: worker process 40 exited with code 0
2025/09/24 08:28:31 [notice] 1#1: signal 29 (SIGIO) received
2025/09/24 08:28:31 [notice] 1#1: signal 17 (SIGCHLD) received from 39
2025/09/24 08:28:31 [notice] 1#1: signal 17 (SIGCHLD) received from 38
2025/09/24 08:28:31 [notice] 1#1: worker process 38 exited with code 0
2025/09/24 08:28:31 [notice] 1#1: worker process 29 exited with code 0
2025/09/24 08:28:31 [notice] 1#1: exit
2025/09/25 04:58:22 [notice] 1#1: using the "epoll" event method
2025/09/25 04:58:22 [notice] 1#1: nginx/1.29.1
2025/09/25 04:58:22 [notice] 1#1: built by gcc 14.2.0 (Alpine 14.2.0) 
2025/09/25 04:58:22 [notice] 1#1: OS: Linux 6.10.14-linuxkit
2025/09/25 04:58:22 [notice] 1#1: getrlimit(RLIMIT_NOFILE): 1048576:1048576
2025/09/25 04:58:22 [notice] 1#1: start worker processes
2025/09/25 04:58:22 [notice] 1#1: start worker process 28
2025/09/25 04:58:22 [notice] 1#1: start worker process 29
2025/09/25 04:58:22 [notice] 1#1: start worker process 30
2025/09/25 04:58:22 [notice] 1#1: start worker process 31
2025/09/25 04:58:22 [notice] 1#1: start worker process 32
2025/09/25 04:58:22 [notice] 1#1: start worker process 33
2025/09/25 04:58:22 [notice] 1#1: start worker process 34
2025/09/25 04:58:22 [notice] 1#1: start worker process 35
2025/09/25 04:58:22 [notice] 1#1: start worker process 36
2025/09/25 04:58:22 [notice] 1#1: start worker process 37
2025/09/25 04:58:22 [notice] 1#1: start worker process 38
2025/09/25 04:58:22 [notice] 1#1: start worker process 39
2025/09/25 07:31:55 [notice] 1#1: signal 3 (SIGQUIT) received, shutting down
2025/09/25 07:31:55 [notice] 32#32: gracefully shutting down
2025/09/25 07:31:55 [notice] 37#37: gracefully shutting down
2025/09/25 07:31:55 [notice] 31#31: gracefully shutting down
2025/09/25 07:31:55 [notice] 29#29: gracefully shutting down
2025/09/25 07:31:55 [notice] 34#34: gracefully shutting down
2025/09/25 07:31:55 [notice] 35#35: gracefully shutting down
2025/09/25 07:31:55 [notice] 33#33: gracefully shutting down
2025/09/25 07:31:55 [notice] 31#31: exiting
2025/09/25 07:31:55 [notice] 30#30: gracefully shutting down
2025/09/25 07:31:55 [notice] 28#28: gracefully shutting down
2025/09/25 07:31:55 [notice] 36#36: gracefully shutting down
2025/09/25 07:31:55 [notice] 31#31: exit
2025/09/25 07:31:55 [notice] 38#38: gracefully shutting down
2025/09/25 07:31:55 [notice] 32#32: exiting
2025/09/25 07:31:55 [notice] 38#38: exiting
2025/09/25 07:31:55 [notice] 39#39: gracefully shutting down
2025/09/25 07:31:55 [notice] 38#38: exit
2025/09/25 07:31:55 [notice] 37#37: exiting
2025/09/25 07:31:55 [notice] 29#29: exiting
2025/09/25 07:31:55 [notice] 34#34: exiting
2025/09/25 07:31:55 [notice] 35#35: exiting
2025/09/25 07:31:55 [notice] 34#34: exit
2025/09/25 07:31:55 [notice] 33#33: exiting
2025/09/25 07:31:55 [notice] 30#30: exiting
2025/09/25 07:31:55 [notice] 28#28: exiting
2025/09/25 07:31:55 [notice] 36#36: exiting
2025/09/25 07:31:55 [notice] 32#32: exit
2025/09/25 07:31:55 [notice] 39#39: exiting
2025/09/25 07:31:55 [notice] 37#37: exit
2025/09/25 07:31:55 [notice] 29#29: exit
2025/09/25 07:31:55 [notice] 35#35: exit
2025/09/25 07:31:55 [notice] 33#33: exit
2025/09/25 07:31:55 [notice] 30#30: exit
2025/09/25 07:31:55 [notice] 28#28: exit
2025/09/25 07:31:55 [notice] 36#36: exit
2025/09/25 07:31:55 [notice] 39#39: exit
2025/09/25 07:31:55 [notice] 1#1: signal 17 (SIGCHLD) received from 31
2025/09/25 07:31:55 [notice] 1#1: worker process 28 exited with code 0
2025/09/25 07:31:55 [notice] 1#1: worker process 30 exited with code 0
2025/09/25 07:31:55 [notice] 1#1: worker process 31 exited with code 0
2025/09/25 07:31:55 [notice] 1#1: worker process 33 exited with code 0
2025/09/25 07:31:55 [notice] 1#1: signal 29 (SIGIO) received
2025/09/25 07:31:55 [notice] 1#1: signal 17 (SIGCHLD) received from 30
2025/09/25 07:31:55 [notice] 1#1: signal 17 (SIGCHLD) received from 34
2025/09/25 07:31:55 [notice] 1#1: worker process 32 exited with code 0
2025/09/25 07:31:55 [notice] 1#1: worker process 34 exited with code 0
2025/09/25 07:31:55 [notice] 1#1: worker process 35 exited with code 0
2025/09/25 07:31:55 [notice] 1#1: signal 29 (SIGIO) received
2025/09/25 07:31:55 [notice] 1#1: signal 17 (SIGCHLD) received from 29
2025/09/25 07:31:55 [notice] 1#1: worker process 29 exited with code 0
2025/09/25 07:31:55 [notice] 1#1: worker process 36 exited with code 0
2025/09/25 07:31:55 [notice] 1#1: worker process 37 exited with code 0
2025/09/25 07:31:55 [notice] 1#1: worker process 38 exited with code 0
2025/09/25 07:31:55 [notice] 1#1: worker process 39 exited with code 0
2025/09/25 07:31:55 [notice] 1#1: exit
2025/09/26 03:30:12 [notice] 1#1: using the "epoll" event method
2025/09/26 03:30:12 [notice] 1#1: nginx/1.29.1
2025/09/26 03:30:12 [notice] 1#1: built by gcc 14.2.0 (Alpine 14.2.0) 
2025/09/26 03:30:12 [notice] 1#1: OS: Linux 6.10.14-linuxkit
2025/09/26 03:30:12 [notice] 1#1: getrlimit(RLIMIT_NOFILE): 1048576:1048576
2025/09/26 03:30:12 [notice] 1#1: start worker processes
2025/09/26 03:30:12 [notice] 1#1: start worker process 29
2025/09/26 03:30:12 [notice] 1#1: start worker process 30
2025/09/26 03:30:12 [notice] 1#1: start worker process 31
2025/09/26 03:30:12 [notice] 1#1: start worker process 32
2025/09/26 03:30:12 [notice] 1#1: start worker process 33
2025/09/26 03:30:12 [notice] 1#1: start worker process 34
2025/09/26 03:30:12 [notice] 1#1: start worker process 35
2025/09/26 03:30:12 [notice] 1#1: start worker process 36
2025/09/26 03:30:12 [notice] 1#1: start worker process 37
2025/09/26 03:30:12 [notice] 1#1: start worker process 38
2025/09/26 03:30:12 [notice] 1#1: start worker process 39
2025/09/26 03:30:12 [notice] 1#1: start worker process 40
2025/09/26 05:05:01 [notice] 1#1: signal 3 (SIGQUIT) received, shutting down
2025/09/26 05:05:01 [notice] 30#30: gracefully shutting down
2025/09/26 05:05:01 [notice] 36#36: gracefully shutting down
2025/09/26 05:05:01 [notice] 32#32: gracefully shutting down
2025/09/26 05:05:01 [notice] 34#34: gracefully shutting down
2025/09/26 05:05:01 [notice] 31#31: gracefully shutting down
2025/09/26 05:05:01 [notice] 33#33: gracefully shutting down
2025/09/26 05:05:01 [notice] 35#35: gracefully shutting down
2025/09/26 05:05:01 [notice] 37#37: gracefully shutting down
2025/09/26 05:05:01 [notice] 38#38: gracefully shutting down
2025/09/26 05:05:01 [notice] 37#37: exiting
2025/09/26 05:05:01 [notice] 29#29: gracefully shutting down
2025/09/26 05:05:01 [notice] 40#40: gracefully shutting down
2025/09/26 05:05:01 [notice] 29#29: exiting
2025/09/26 05:05:01 [notice] 39#39: gracefully shutting down
2025/09/26 05:05:01 [notice] 30#30: exiting
2025/09/26 05:05:01 [notice] 36#36: exiting
2025/09/26 05:05:01 [notice] 30#30: exit
2025/09/26 05:05:01 [notice] 32#32: exiting
2025/09/26 05:05:01 [notice] 34#34: exiting
2025/09/26 05:05:01 [notice] 31#31: exiting
2025/09/26 05:05:01 [notice] 33#33: exiting
2025/09/26 05:05:01 [notice] 35#35: exiting
2025/09/26 05:05:01 [notice] 38#38: exiting
2025/09/26 05:05:01 [notice] 40#40: exiting
2025/09/26 05:05:01 [notice] 37#37: exit
2025/09/26 05:05:01 [notice] 40#40: exit
2025/09/26 05:05:01 [notice] 29#29: exit
2025/09/26 05:05:01 [notice] 39#39: exiting
2025/09/26 05:05:01 [notice] 36#36: exit
2025/09/26 05:05:01 [notice] 32#32: exit
2025/09/26 05:05:01 [notice] 34#34: exit
2025/09/26 05:05:01 [notice] 31#31: exit
2025/09/26 05:05:01 [notice] 33#33: exit
2025/09/26 05:05:01 [notice] 35#35: exit
2025/09/26 05:05:01 [notice] 38#38: exit
2025/09/26 05:05:01 [notice] 39#39: exit
2025/09/26 05:05:01 [notice] 1#1: signal 17 (SIGCHLD) received from 32
2025/09/26 05:05:01 [notice] 1#1: worker process 29 exited with code 0
2025/09/26 05:05:01 [notice] 1#1: worker process 30 exited with code 0
2025/09/26 05:05:01 [notice] 1#1: worker process 32 exited with code 0
2025/09/26 05:05:01 [notice] 1#1: signal 29 (SIGIO) received
2025/09/26 05:05:01 [notice] 1#1: signal 17 (SIGCHLD) received from 36
2025/09/26 05:05:01 [notice] 1#1: worker process 34 exited with code 0
2025/09/26 05:05:01 [notice] 1#1: worker process 35 exited with code 0
2025/09/26 05:05:01 [notice] 1#1: worker process 36 exited with code 0
2025/09/26 05:05:01 [notice] 1#1: worker process 37 exited with code 0
2025/09/26 05:05:01 [notice] 1#1: worker process 39 exited with code 0
2025/09/26 05:05:01 [notice] 1#1: worker process 40 exited with code 0
2025/09/26 05:05:01 [notice] 1#1: signal 29 (SIGIO) received
2025/09/26 05:05:01 [notice] 1#1: signal 17 (SIGCHLD) received from 34
2025/09/26 05:05:01 [notice] 1#1: signal 17 (SIGCHLD) received from 31
2025/09/26 05:05:01 [notice] 1#1: worker process 31 exited with code 0
2025/09/26 05:05:01 [notice] 1#1: worker process 33 exited with code 0
2025/09/26 05:05:01 [notice] 1#1: worker process 38 exited with code 0
2025/09/26 05:05:01 [notice] 1#1: exit
2025/09/26 05:29:57 [notice] 1#1: using the "epoll" event method
2025/09/26 05:29:57 [notice] 1#1: nginx/1.29.1
2025/09/26 05:29:57 [notice] 1#1: built by gcc 14.2.0 (Alpine 14.2.0) 
2025/09/26 05:29:57 [notice] 1#1: OS: Linux 6.10.14-linuxkit
2025/09/26 05:29:57 [notice] 1#1: getrlimit(RLIMIT_NOFILE): 1048576:1048576
2025/09/26 05:29:57 [notice] 1#1: start worker processes
2025/09/26 05:29:57 [notice] 1#1: start worker process 29
2025/09/26 05:29:57 [notice] 1#1: start worker process 30
2025/09/26 05:29:57 [notice] 1#1: start worker process 31
2025/09/26 05:29:57 [notice] 1#1: start worker process 32
2025/09/26 05:29:57 [notice] 1#1: start worker process 33
2025/09/26 05:29:57 [notice] 1#1: start worker process 34
2025/09/26 05:29:57 [notice] 1#1: start worker process 35
2025/09/26 05:29:57 [notice] 1#1: start worker process 36
2025/09/26 05:29:57 [notice] 1#1: start worker process 37
2025/09/26 05:29:57 [notice] 1#1: start worker process 38
2025/09/26 05:29:57 [notice] 1#1: start worker process 39
2025/09/26 05:29:57 [notice] 1#1: start worker process 40
2025/09/26 05:30:29 [notice] 1#1: signal 3 (SIGQUIT) received, shutting down
2025/09/26 05:30:29 [notice] 29#29: gracefully shutting down
2025/09/26 05:30:29 [notice] 40#40: gracefully shutting down
2025/09/26 05:30:29 [notice] 30#30: gracefully shutting down
2025/09/26 05:30:29 [notice] 30#30: exiting
2025/09/26 05:30:29 [notice] 31#31: gracefully shutting down
2025/09/26 05:30:29 [notice] 32#32: gracefully shutting down
2025/09/26 05:30:29 [notice] 32#32: exiting
2025/09/26 05:30:29 [notice] 33#33: gracefully shutting down
2025/09/26 05:30:29 [notice] 34#34: gracefully shutting down
2025/09/26 05:30:29 [notice] 34#34: exiting
2025/09/26 05:30:29 [notice] 35#35: gracefully shutting down
2025/09/26 05:30:29 [notice] 36#36: gracefully shutting down
2025/09/26 05:30:29 [notice] 36#36: exiting
2025/09/26 05:30:29 [notice] 37#37: gracefully shutting down
2025/09/26 05:30:29 [notice] 36#36: exit
2025/09/26 05:30:29 [notice] 38#38: gracefully shutting down
2025/09/26 05:30:29 [notice] 39#39: gracefully shutting down
2025/09/26 05:30:29 [notice] 29#29: exiting
2025/09/26 05:30:29 [notice] 40#40: exiting
2025/09/26 05:30:29 [notice] 31#31: exiting
2025/09/26 05:30:29 [notice] 40#40: exit
2025/09/26 05:30:29 [notice] 30#30: exit
2025/09/26 05:30:29 [notice] 32#32: exit
2025/09/26 05:30:29 [notice] 33#33: exiting
2025/09/26 05:30:29 [notice] 34#34: exit
2025/09/26 05:30:29 [notice] 33#33: exit
2025/09/26 05:30:29 [notice] 35#35: exiting
2025/09/26 05:30:29 [notice] 37#37: exiting
2025/09/26 05:30:29 [notice] 38#38: exiting
2025/09/26 05:30:29 [notice] 39#39: exiting
2025/09/26 05:30:29 [notice] 29#29: exit
2025/09/26 05:30:29 [notice] 39#39: exit
2025/09/26 05:30:29 [notice] 31#31: exit
2025/09/26 05:30:29 [notice] 35#35: exit
2025/09/26 05:30:29 [notice] 37#37: exit
2025/09/26 05:30:29 [notice] 38#38: exit
2025/09/26 05:30:29 [notice] 1#1: signal 17 (SIGCHLD) received from 35
2025/09/26 05:30:29 [notice] 1#1: worker process 32 exited with code 0
2025/09/26 05:30:29 [notice] 1#1: worker process 35 exited with code 0
2025/09/26 05:30:29 [notice] 1#1: signal 29 (SIGIO) received
2025/09/26 05:30:29 [notice] 1#1: signal 17 (SIGCHLD) received from 37
2025/09/26 05:30:29 [notice] 1#1: worker process 29 exited with code 0
2025/09/26 05:30:29 [notice] 1#1: worker process 30 exited with code 0
2025/09/26 05:30:29 [notice] 1#1: worker process 33 exited with code 0
2025/09/26 05:30:29 [notice] 1#1: worker process 34 exited with code 0
2025/09/26 05:30:29 [notice] 1#1: worker process 36 exited with code 0
2025/09/26 05:30:29 [notice] 1#1: worker process 37 exited with code 0
2025/09/26 05:30:29 [notice] 1#1: worker process 38 exited with code 0
2025/09/26 05:30:29 [notice] 1#1: signal 29 (SIGIO) received
2025/09/26 05:30:29 [notice] 1#1: signal 17 (SIGCHLD) received from 36
2025/09/26 05:30:29 [notice] 1#1: signal 17 (SIGCHLD) received from 31
2025/09/26 05:30:29 [notice] 1#1: worker process 31 exited with code 0
2025/09/26 05:30:29 [notice] 1#1: worker process 39 exited with code 0
2025/09/26 05:30:29 [notice] 1#1: worker process 40 exited with code 0
2025/09/26 05:30:29 [notice] 1#1: exit
2025/09/26 06:53:35 [notice] 1#1: using the "epoll" event method
2025/09/26 06:53:35 [notice] 1#1: nginx/1.29.1
2025/09/26 06:53:35 [notice] 1#1: built by gcc 14.2.0 (Alpine 14.2.0) 
2025/09/26 06:53:35 [notice] 1#1: OS: Linux 6.10.14-linuxkit
2025/09/26 06:53:35 [notice] 1#1: getrlimit(RLIMIT_NOFILE): 1048576:1048576
2025/09/26 06:53:35 [notice] 1#1: start worker processes
2025/09/26 06:53:35 [notice] 1#1: start worker process 29
2025/09/26 06:53:35 [notice] 1#1: start worker process 30
2025/09/26 06:53:35 [notice] 1#1: start worker process 31
2025/09/26 06:53:35 [notice] 1#1: start worker process 32
2025/09/26 06:53:35 [notice] 1#1: start worker process 33
2025/09/26 06:53:35 [notice] 1#1: start worker process 34
2025/09/26 06:53:35 [notice] 1#1: start worker process 35
2025/09/26 06:53:35 [notice] 1#1: start worker process 36
2025/09/26 06:53:35 [notice] 1#1: start worker process 37
2025/09/26 06:53:35 [notice] 1#1: start worker process 38
2025/09/26 06:53:35 [notice] 1#1: start worker process 39
2025/09/26 06:53:35 [notice] 1#1: start worker process 40
2025/09/26 06:54:10 [notice] 1#1: signal 3 (SIGQUIT) received, shutting down
2025/09/26 06:54:10 [notice] 29#29: gracefully shutting down
2025/09/26 06:54:10 [notice] 38#38: gracefully shutting down
2025/09/26 06:54:10 [notice] 30#30: gracefully shutting down
2025/09/26 06:54:10 [notice] 31#31: gracefully shutting down
2025/09/26 06:54:10 [notice] 34#34: gracefully shutting down
2025/09/26 06:54:10 [notice] 35#35: gracefully shutting down
2025/09/26 06:54:10 [notice] 36#36: gracefully shutting down
2025/09/26 06:54:10 [notice] 32#32: gracefully shutting down
2025/09/26 06:54:10 [notice] 33#33: gracefully shutting down
2025/09/26 06:54:10 [notice] 33#33: exiting
2025/09/26 06:54:10 [notice] 37#37: gracefully shutting down
2025/09/26 06:54:10 [notice] 39#39: gracefully shutting down
2025/09/26 06:54:10 [notice] 40#40: gracefully shutting down
2025/09/26 06:54:10 [notice] 29#29: exiting
2025/09/26 06:54:10 [notice] 38#38: exiting
2025/09/26 06:54:10 [notice] 30#30: exiting
2025/09/26 06:54:10 [notice] 31#31: exiting
2025/09/26 06:54:10 [notice] 30#30: exit
2025/09/26 06:54:10 [notice] 34#34: exiting
2025/09/26 06:54:10 [notice] 35#35: exiting
2025/09/26 06:54:10 [notice] 34#34: exit
2025/09/26 06:54:10 [notice] 36#36: exiting
2025/09/26 06:54:10 [notice] 32#32: exiting
2025/09/26 06:54:10 [notice] 33#33: exit
2025/09/26 06:54:10 [notice] 37#37: exiting
2025/09/26 06:54:10 [notice] 39#39: exiting
2025/09/26 06:54:10 [notice] 37#37: exit
2025/09/26 06:54:10 [notice] 40#40: exiting
2025/09/26 06:54:10 [notice] 29#29: exit
2025/09/26 06:54:10 [notice] 40#40: exit
2025/09/26 06:54:10 [notice] 38#38: exit
2025/09/26 06:54:10 [notice] 31#31: exit
2025/09/26 06:54:10 [notice] 35#35: exit
2025/09/26 06:54:10 [notice] 36#36: exit
2025/09/26 06:54:10 [notice] 32#32: exit
2025/09/26 06:54:10 [notice] 39#39: exit
2025/09/26 06:54:10 [notice] 1#1: signal 17 (SIGCHLD) received from 30
2025/09/26 06:54:10 [notice] 1#1: worker process 29 exited with code 0
2025/09/26 06:54:10 [notice] 1#1: worker process 30 exited with code 0
2025/09/26 06:54:10 [notice] 1#1: worker process 33 exited with code 0
2025/09/26 06:54:10 [notice] 1#1: worker process 37 exited with code 0
2025/09/26 06:54:10 [notice] 1#1: worker process 38 exited with code 0
2025/09/26 06:54:10 [notice] 1#1: worker process 39 exited with code 0
2025/09/26 06:54:10 [notice] 1#1: signal 29 (SIGIO) received
2025/09/26 06:54:10 [notice] 1#1: signal 17 (SIGCHLD) received from 33
2025/09/26 06:54:10 [notice] 1#1: signal 17 (SIGCHLD) received from 36
2025/09/26 06:54:10 [notice] 1#1: worker process 35 exited with code 0
2025/09/26 06:54:10 [notice] 1#1: worker process 36 exited with code 0
2025/09/26 06:54:10 [notice] 1#1: worker process 40 exited with code 0
2025/09/26 06:54:10 [notice] 1#1: signal 29 (SIGIO) received
2025/09/26 06:54:10 [notice] 1#1: signal 17 (SIGCHLD) received from 35
2025/09/26 06:54:10 [notice] 1#1: signal 17 (SIGCHLD) received from 34
2025/09/26 06:54:10 [notice] 1#1: worker process 31 exited with code 0
2025/09/26 06:54:10 [notice] 1#1: worker process 32 exited with code 0
2025/09/26 06:54:10 [notice] 1#1: worker process 34 exited with code 0
2025/09/26 06:54:10 [notice] 1#1: exit
2025/09/26 06:54:56 [notice] 1#1: using the "epoll" event method
2025/09/26 06:54:56 [notice] 1#1: nginx/1.29.1
2025/09/26 06:54:56 [notice] 1#1: built by gcc 14.2.0 (Alpine 14.2.0) 
2025/09/26 06:54:56 [notice] 1#1: OS: Linux 6.10.14-linuxkit
2025/09/26 06:54:56 [notice] 1#1: getrlimit(RLIMIT_NOFILE): 1048576:1048576
2025/09/26 06:54:56 [notice] 1#1: start worker processes
2025/09/26 06:54:56 [notice] 1#1: start worker process 29
2025/09/26 06:54:56 [notice] 1#1: start worker process 30
2025/09/26 06:54:56 [notice] 1#1: start worker process 31
2025/09/26 06:54:56 [notice] 1#1: start worker process 32
2025/09/26 06:54:56 [notice] 1#1: start worker process 33
2025/09/26 06:54:56 [notice] 1#1: start worker process 34
2025/09/26 06:54:56 [notice] 1#1: start worker process 35
2025/09/26 06:54:56 [notice] 1#1: start worker process 36
2025/09/26 06:54:56 [notice] 1#1: start worker process 37
2025/09/26 06:54:56 [notice] 1#1: start worker process 38
2025/09/26 06:54:56 [notice] 1#1: start worker process 39
2025/09/26 06:54:56 [notice] 1#1: start worker process 40
2025/09/26 07:00:07 [notice] 1#1: signal 3 (SIGQUIT) received, shutting down
2025/09/26 07:00:07 [notice] 29#29: gracefully shutting down
2025/09/26 07:00:07 [notice] 32#32: gracefully shutting down
2025/09/26 07:00:07 [notice] 30#30: gracefully shutting down
2025/09/26 07:00:07 [notice] 31#31: gracefully shutting down
2025/09/26 07:00:07 [notice] 33#33: gracefully shutting down
2025/09/26 07:00:07 [notice] 34#34: gracefully shutting down
2025/09/26 07:00:07 [notice] 35#35: gracefully shutting down
2025/09/26 07:00:07 [notice] 36#36: gracefully shutting down
2025/09/26 07:00:07 [notice] 37#37: gracefully shutting down
2025/09/26 07:00:07 [notice] 35#35: exiting
2025/09/26 07:00:07 [notice] 40#40: gracefully shutting down
2025/09/26 07:00:07 [notice] 38#38: gracefully shutting down
2025/09/26 07:00:07 [notice] 29#29: exiting
2025/09/26 07:00:07 [notice] 38#38: exiting
2025/09/26 07:00:07 [notice] 39#39: gracefully shutting down
2025/09/26 07:00:07 [notice] 38#38: exit
2025/09/26 07:00:07 [notice] 32#32: exiting
2025/09/26 07:00:07 [notice] 30#30: exiting
2025/09/26 07:00:07 [notice] 31#31: exiting
2025/09/26 07:00:07 [notice] 33#33: exiting
2025/09/26 07:00:07 [notice] 34#34: exiting
2025/09/26 07:00:07 [notice] 33#33: exit
2025/09/26 07:00:07 [notice] 36#36: exiting
2025/09/26 07:00:07 [notice] 37#37: exiting
2025/09/26 07:00:07 [notice] 40#40: exiting
2025/09/26 07:00:07 [notice] 35#35: exit
2025/09/26 07:00:07 [notice] 29#29: exit
2025/09/26 07:00:07 [notice] 39#39: exiting
2025/09/26 07:00:07 [notice] 32#32: exit
2025/09/26 07:00:07 [notice] 30#30: exit
2025/09/26 07:00:07 [notice] 31#31: exit
2025/09/26 07:00:07 [notice] 34#34: exit
2025/09/26 07:00:07 [notice] 36#36: exit
2025/09/26 07:00:07 [notice] 37#37: exit
2025/09/26 07:00:07 [notice] 40#40: exit
2025/09/26 07:00:07 [notice] 39#39: exit
2025/09/26 07:00:07 [notice] 1#1: signal 17 (SIGCHLD) received from 32
2025/09/26 07:00:07 [notice] 1#1: worker process 30 exited with code 0
2025/09/26 07:00:07 [notice] 1#1: worker process 32 exited with code 0
2025/09/26 07:00:07 [notice] 1#1: worker process 33 exited with code 0
2025/09/26 07:00:07 [notice] 1#1: worker process 35 exited with code 0
2025/09/26 07:00:07 [notice] 1#1: worker process 36 exited with code 0
2025/09/26 07:00:07 [notice] 1#1: signal 29 (SIGIO) received
2025/09/26 07:00:07 [notice] 1#1: signal 17 (SIGCHLD) received from 33
2025/09/26 07:00:07 [notice] 1#1: signal 17 (SIGCHLD) received from 38
2025/09/26 07:00:07 [notice] 1#1: worker process 29 exited with code 0
2025/09/26 07:00:07 [notice] 1#1: worker process 34 exited with code 0
2025/09/26 07:00:07 [notice] 1#1: worker process 37 exited with code 0
2025/09/26 07:00:07 [notice] 1#1: worker process 38 exited with code 0
2025/09/26 07:00:07 [notice] 1#1: worker process 39 exited with code 0
2025/09/26 07:00:07 [notice] 1#1: signal 29 (SIGIO) received
2025/09/26 07:00:07 [notice] 1#1: signal 17 (SIGCHLD) received from 34
2025/09/26 07:00:07 [notice] 1#1: signal 17 (SIGCHLD) received from 40
2025/09/26 07:00:07 [notice] 1#1: worker process 31 exited with code 0
2025/09/26 07:00:07 [notice] 1#1: worker process 40 exited with code 0
2025/09/26 07:00:07 [notice] 1#1: exit
2025/09/26 07:00:08 [notice] 1#1: using the "epoll" event method
2025/09/26 07:00:08 [notice] 1#1: nginx/1.29.1
2025/09/26 07:00:08 [notice] 1#1: built by gcc 14.2.0 (Alpine 14.2.0) 
2025/09/26 07:00:08 [notice] 1#1: OS: Linux 6.10.14-linuxkit
2025/09/26 07:00:08 [notice] 1#1: getrlimit(RLIMIT_NOFILE): 1048576:1048576
2025/09/26 07:00:08 [notice] 1#1: start worker processes
2025/09/26 07:00:08 [notice] 1#1: start worker process 29
2025/09/26 07:00:08 [notice] 1#1: start worker process 30
2025/09/26 07:00:08 [notice] 1#1: start worker process 31
2025/09/26 07:00:08 [notice] 1#1: start worker process 32
2025/09/26 07:00:08 [notice] 1#1: start worker process 33
2025/09/26 07:00:08 [notice] 1#1: start worker process 34
2025/09/26 07:00:08 [notice] 1#1: start worker process 35
2025/09/26 07:00:08 [notice] 1#1: start worker process 36
2025/09/26 07:00:08 [notice] 1#1: start worker process 37
2025/09/26 07:00:08 [notice] 1#1: start worker process 38
2025/09/26 07:00:08 [notice] 1#1: start worker process 39
2025/09/26 07:00:08 [notice] 1#1: start worker process 40
2025/09/26 08:34:52 [notice] 1#1: signal 3 (SIGQUIT) received, shutting down
2025/09/26 08:34:52 [notice] 39#39: gracefully shutting down
2025/09/26 08:34:52 [notice] 40#40: gracefully shutting down
2025/09/26 08:34:52 [notice] 33#33: gracefully shutting down
2025/09/26 08:34:52 [notice] 30#30: gracefully shutting down
2025/09/26 08:34:52 [notice] 38#38: gracefully shutting down
2025/09/26 08:34:52 [notice] 31#31: gracefully shutting down
2025/09/26 08:34:52 [notice] 29#29: gracefully shutting down
2025/09/26 08:34:52 [notice] 32#32: gracefully shutting down
2025/09/26 08:34:52 [notice] 35#35: gracefully shutting down
2025/09/26 08:34:52 [notice] 34#34: gracefully shutting down
2025/09/26 08:34:52 [notice] 36#36: gracefully shutting down
2025/09/26 08:34:52 [notice] 37#37: gracefully shutting down
2025/09/26 08:34:52 [notice] 40#40: exiting
2025/09/26 08:34:52 [notice] 30#30: exiting
2025/09/26 08:34:52 [notice] 38#38: exiting
2025/09/26 08:34:52 [notice] 33#33: exiting
2025/09/26 08:34:52 [notice] 31#31: exiting
2025/09/26 08:34:52 [notice] 32#32: exiting
2025/09/26 08:34:52 [notice] 29#29: exiting
2025/09/26 08:34:52 [notice] 34#34: exiting
2025/09/26 08:34:52 [notice] 35#35: exiting
2025/09/26 08:34:52 [notice] 36#36: exiting
2025/09/26 08:34:52 [notice] 39#39: exiting
2025/09/26 08:34:52 [notice] 37#37: exiting
2025/09/26 08:34:52 [notice] 34#34: exit
2025/09/26 08:34:52 [notice] 39#39: exit
2025/09/26 08:34:52 [notice] 37#37: exit
2025/09/26 08:34:52 [notice] 38#38: exit
2025/09/26 08:34:52 [notice] 35#35: exit
2025/09/26 08:34:52 [notice] 40#40: exit
2025/09/26 08:34:52 [notice] 30#30: exit
2025/09/26 08:34:52 [notice] 29#29: exit
2025/09/26 08:34:52 [notice] 36#36: exit
2025/09/26 08:34:52 [notice] 32#32: exit
2025/09/26 08:34:52 [notice] 33#33: exit
2025/09/26 08:34:52 [notice] 31#31: exit
2025/09/26 08:34:52 [notice] 1#1: signal 17 (SIGCHLD) received from 30
2025/09/26 08:34:52 [notice] 1#1: worker process 30 exited with code 0
2025/09/26 08:34:52 [notice] 1#1: worker process 31 exited with code 0
2025/09/26 08:34:52 [notice] 1#1: worker process 34 exited with code 0
2025/09/26 08:34:52 [notice] 1#1: worker process 37 exited with code 0
2025/09/26 08:34:52 [notice] 1#1: worker process 39 exited with code 0
2025/09/26 08:34:52 [notice] 1#1: worker process 40 exited with code 0
2025/09/26 08:34:52 [notice] 1#1: signal 29 (SIGIO) received
2025/09/26 08:34:52 [notice] 1#1: signal 17 (SIGCHLD) received from 34
2025/09/26 08:34:52 [notice] 1#1: signal 17 (SIGCHLD) received from 29
2025/09/26 08:34:52 [notice] 1#1: worker process 29 exited with code 0
2025/09/26 08:34:52 [notice] 1#1: worker process 32 exited with code 0
2025/09/26 08:34:52 [notice] 1#1: worker process 33 exited with code 0
2025/09/26 08:34:52 [notice] 1#1: worker process 35 exited with code 0
2025/09/26 08:34:52 [notice] 1#1: worker process 38 exited with code 0
2025/09/26 08:34:52 [notice] 1#1: signal 29 (SIGIO) received
2025/09/26 08:34:52 [notice] 1#1: signal 17 (SIGCHLD) received from 36
2025/09/26 08:34:52 [notice] 1#1: worker process 36 exited with code 0
2025/09/26 08:34:52 [notice] 1#1: exit
2025/09/27 00:19:36 [notice] 1#1: using the "epoll" event method
2025/09/27 00:19:36 [notice] 1#1: nginx/1.29.1
2025/09/27 00:19:36 [notice] 1#1: built by gcc 14.2.0 (Alpine 14.2.0) 
2025/09/27 00:19:36 [notice] 1#1: OS: Linux 6.10.14-linuxkit
2025/09/27 00:19:36 [notice] 1#1: getrlimit(RLIMIT_NOFILE): 1048576:1048576
2025/09/27 00:19:36 [notice] 1#1: start worker processes
2025/09/27 00:19:36 [notice] 1#1: start worker process 29
2025/09/27 00:19:36 [notice] 1#1: start worker process 30
2025/09/27 00:19:36 [notice] 1#1: start worker process 31
2025/09/27 00:19:36 [notice] 1#1: start worker process 32
2025/09/27 00:19:36 [notice] 1#1: start worker process 33
2025/09/27 00:19:36 [notice] 1#1: start worker process 34
2025/09/27 00:19:36 [notice] 1#1: start worker process 35
2025/09/27 00:19:36 [notice] 1#1: start worker process 36
2025/09/27 00:19:36 [notice] 1#1: start worker process 37
2025/09/27 00:19:36 [notice] 1#1: start worker process 38
2025/09/27 00:19:36 [notice] 1#1: start worker process 39
2025/09/27 00:19:36 [notice] 1#1: start worker process 40
2025/09/27 02:40:21 [notice] 1#1: signal 3 (SIGQUIT) received, shutting down
2025/09/27 02:40:21 [notice] 40#40: gracefully shutting down
2025/09/27 02:40:21 [notice] 39#39: gracefully shutting down
2025/09/27 02:40:21 [notice] 30#30: gracefully shutting down
2025/09/27 02:40:21 [notice] 33#33: gracefully shutting down
2025/09/27 02:40:21 [notice] 32#32: gracefully shutting down
2025/09/27 02:40:21 [notice] 36#36: gracefully shutting down
2025/09/27 02:40:21 [notice] 34#34: gracefully shutting down
2025/09/27 02:40:21 [notice] 38#38: gracefully shutting down
2025/09/27 02:40:21 [notice] 37#37: gracefully shutting down
2025/09/27 02:40:21 [notice] 29#29: gracefully shutting down
2025/09/27 02:40:21 [notice] 35#35: gracefully shutting down
2025/09/27 02:40:21 [notice] 31#31: gracefully shutting down
2025/09/27 02:40:21 [notice] 39#39: exiting
2025/09/27 02:40:21 [notice] 39#39: exit
2025/09/27 02:40:21 [notice] 38#38: exiting
2025/09/27 02:40:21 [notice] 35#35: exiting
2025/09/27 02:40:21 [notice] 38#38: exit
2025/09/27 02:40:21 [notice] 35#35: exit
2025/09/27 02:40:21 [notice] 40#40: exiting
2025/09/27 02:40:21 [notice] 29#29: exiting
2025/09/27 02:40:21 [notice] 31#31: exiting
2025/09/27 02:40:21 [notice] 40#40: exit
2025/09/27 02:40:21 [notice] 37#37: exiting
2025/09/27 02:40:21 [notice] 36#36: exiting
2025/09/27 02:40:21 [notice] 30#30: exiting
2025/09/27 02:40:21 [notice] 31#31: exit
2025/09/27 02:40:21 [notice] 37#37: exit
2025/09/27 02:40:21 [notice] 30#30: exit
2025/09/27 02:40:21 [notice] 29#29: exit
2025/09/27 02:40:21 [notice] 33#33: exiting
2025/09/27 02:40:21 [notice] 34#34: exiting
2025/09/27 02:40:21 [notice] 36#36: exit
2025/09/27 02:40:21 [notice] 32#32: exiting
2025/09/27 02:40:21 [notice] 33#33: exit
2025/09/27 02:40:21 [notice] 34#34: exit
2025/09/27 02:40:21 [notice] 32#32: exit
2025/09/27 02:40:21 [notice] 1#1: signal 17 (SIGCHLD) received from 39
2025/09/27 02:40:21 [notice] 1#1: worker process 34 exited with code 0
2025/09/27 02:40:21 [notice] 1#1: worker process 39 exited with code 0
2025/09/27 02:40:21 [notice] 1#1: signal 29 (SIGIO) received
2025/09/27 02:40:21 [notice] 1#1: signal 17 (SIGCHLD) received from 34
2025/09/27 02:40:21 [notice] 1#1: signal 17 (SIGCHLD) received from 30
2025/09/27 02:40:21 [notice] 1#1: worker process 29 exited with code 0
2025/09/27 02:40:21 [notice] 1#1: worker process 30 exited with code 0
2025/09/27 02:40:21 [notice] 1#1: worker process 31 exited with code 0
2025/09/27 02:40:21 [notice] 1#1: worker process 32 exited with code 0
2025/09/27 02:40:21 [notice] 1#1: worker process 33 exited with code 0
2025/09/27 02:40:21 [notice] 1#1: worker process 35 exited with code 0
2025/09/27 02:40:21 [notice] 1#1: worker process 36 exited with code 0
2025/09/27 02:40:21 [notice] 1#1: worker process 37 exited with code 0
2025/09/27 02:40:21 [notice] 1#1: worker process 38 exited with code 0
2025/09/27 02:40:21 [notice] 1#1: worker process 40 exited with code 0
2025/09/27 02:40:21 [notice] 1#1: exit
